{"/Users/maciejbartynski/Desktop/projekty/bakemania-web-app/server/CreateAdmin.ts": {"path":"/Users/maciejbartynski/Desktop/projekty/bakemania-web-app/server/CreateAdmin.ts","statementMap":{"0":{"start":{"line":2,"column":0},"end":{"line":2,"column":68}},"1":{"start":{"line":3,"column":0},"end":{"line":3,"column":29}},"2":{"start":{"line":4,"column":0},"end":{"line":4,"column":30}},"3":{"start":{"line":5,"column":0},"end":{"line":5,"column":63}},"4":{"start":{"line":6,"column":0},"end":{"line":6,"column":32}},"5":{"start":{"line":8,"column":11},"end":{"line":11,"column":2}},"6":{"start":{"line":13,"column":22},"end":{"line":28,"column":1}},"7":{"start":{"line":14,"column":25},"end":{"line":14,"column":56}},"8":{"start":{"line":16,"column":20},"end":{"line":16,"column":29}},"9":{"start":{"line":17,"column":4},"end":{"line":27,"column":7}},"10":{"start":{"line":30,"column":20},"end":{"line":36,"column":1}},"11":{"start":{"line":31,"column":4},"end":{"line":35,"column":7}},"12":{"start":{"line":32,"column":8},"end":{"line":34,"column":11}},"13":{"start":{"line":33,"column":12},"end":{"line":33,"column":28}},"14":{"start":{"line":38,"column":13},"end":{"line":50,"column":1}},"15":{"start":{"line":39,"column":4},"end":{"line":49,"column":5}},"16":{"start":{"line":40,"column":22},"end":{"line":40,"column":63}},"17":{"start":{"line":41,"column":25},"end":{"line":41,"column":66}},"18":{"start":{"line":43,"column":8},"end":{"line":43,"column":45}},"19":{"start":{"line":44,"column":8},"end":{"line":44,"column":57}},"20":{"start":{"line":46,"column":8},"end":{"line":46,"column":72}},"21":{"start":{"line":48,"column":8},"end":{"line":48,"column":19}},"22":{"start":{"line":52,"column":0},"end":{"line":52,"column":7}}},"fnMap":{"0":{"name":"(anonymous_10)","decl":{"start":{"line":13,"column":22},"end":{"line":13,"column":27}},"loc":{"start":{"line":13,"column":64},"end":{"line":28,"column":1}}},"1":{"name":"(anonymous_11)","decl":{"start":{"line":30,"column":20},"end":{"line":30,"column":21}},"loc":{"start":{"line":30,"column":58},"end":{"line":36,"column":1}}},"2":{"name":"(anonymous_12)","decl":{"start":{"line":31,"column":23},"end":{"line":31,"column":24}},"loc":{"start":{"line":31,"column":35},"end":{"line":35,"column":5}}},"3":{"name":"(anonymous_13)","decl":{"start":{"line":32,"column":30},"end":{"line":32,"column":31}},"loc":{"start":{"line":32,"column":41},"end":{"line":34,"column":9}}},"4":{"name":"(anonymous_14)","decl":{"start":{"line":38,"column":13},"end":{"line":38,"column":18}},"loc":{"start":{"line":38,"column":24},"end":{"line":50,"column":1}}}},"branchMap":{},"s":{"0":0,"1":0,"2":0,"3":0,"4":0,"5":0,"6":0,"7":0,"8":0,"9":0,"10":0,"11":0,"12":0,"13":0,"14":0,"15":0,"16":0,"17":0,"18":0,"19":0,"20":0,"21":0,"22":0},"f":{"0":0,"1":0,"2":0,"3":0,"4":0},"b":{}}
,"/Users/maciejbartynski/Desktop/projekty/bakemania-web-app/server/DbFixtures.ts": {"path":"/Users/maciejbartynski/Desktop/projekty/bakemania-web-app/server/DbFixtures.ts","statementMap":{"0":{"start":{"line":1,"column":0},"end":{"line":1,"column":28}},"1":{"start":{"line":2,"column":0},"end":{"line":2,"column":24}},"2":{"start":{"line":4,"column":0},"end":{"line":12,"column":1}},"3":{"start":{"line":5,"column":23},"end":{"line":5,"column":57}},"4":{"start":{"line":6,"column":4},"end":{"line":6,"column":40}},"5":{"start":{"line":14,"column":0},"end":{"line":14,"column":29}},"6":{"start":{"line":15,"column":0},"end":{"line":15,"column":103}},"7":{"start":{"line":16,"column":0},"end":{"line":16,"column":55}},"8":{"start":{"line":17,"column":0},"end":{"line":17,"column":53}},"9":{"start":{"line":18,"column":0},"end":{"line":18,"column":29}},"10":{"start":{"line":19,"column":0},"end":{"line":19,"column":30}},"11":{"start":{"line":22,"column":0},"end":{"line":22,"column":41}},"12":{"start":{"line":26,"column":4},"end":{"line":267,"column":5}},"13":{"start":{"line":27,"column":23},"end":{"line":27,"column":53}},"14":{"start":{"line":28,"column":8},"end":{"line":28,"column":62}},"15":{"start":{"line":29,"column":8},"end":{"line":29,"column":52}},"16":{"start":{"line":30,"column":8},"end":{"line":32,"column":9}},"17":{"start":{"line":31,"column":12},"end":{"line":31,"column":74}},"18":{"start":{"line":33,"column":8},"end":{"line":33,"column":54}},"19":{"start":{"line":34,"column":31},"end":{"line":34,"column":73}},"20":{"start":{"line":35,"column":8},"end":{"line":35,"column":37}},"21":{"start":{"line":36,"column":8},"end":{"line":36,"column":86}},"22":{"start":{"line":38,"column":34},"end":{"line":38,"column":79}},"23":{"start":{"line":39,"column":8},"end":{"line":39,"column":40}},"24":{"start":{"line":40,"column":8},"end":{"line":40,"column":95}},"25":{"start":{"line":42,"column":35},"end":{"line":42,"column":81}},"26":{"start":{"line":43,"column":8},"end":{"line":43,"column":null}},"27":{"start":{"line":44,"column":8},"end":{"line":44,"column":98}},"28":{"start":{"line":46,"column":32},"end":{"line":46,"column":75}},"29":{"start":{"line":47,"column":8},"end":{"line":47,"column":null}},"30":{"start":{"line":48,"column":8},"end":{"line":48,"column":89}},"31":{"start":{"line":50,"column":8},"end":{"line":50,"column":54}},"32":{"start":{"line":52,"column":29},"end":{"line":129,"column":9}},"33":{"start":{"line":54,"column":12},"end":{"line":54,"column":42}},"34":{"start":{"line":56,"column":56},"end":{"line":56,"column":98}},"35":{"start":{"line":57,"column":53},"end":{"line":57,"column":131}},"36":{"start":{"line":57,"column":98},"end":{"line":57,"column":122}},"37":{"start":{"line":58,"column":50},"end":{"line":58,"column":83}},"38":{"start":{"line":61,"column":12},"end":{"line":83,"column":13}},"39":{"start":{"line":61,"column":25},"end":{"line":61,"column":26}},"40":{"start":{"line":62,"column":27},"end":{"line":62,"column":36}},"41":{"start":{"line":63,"column":30},"end":{"line":63,"column":52}},"42":{"start":{"line":64,"column":33},"end":{"line":64,"column":45}},"43":{"start":{"line":65,"column":29},"end":{"line":65,"column":42}},"44":{"start":{"line":66,"column":35},"end":{"line":66,"column":39}},"45":{"start":{"line":67,"column":29},"end":{"line":67,"column":60}},"46":{"start":{"line":68,"column":40},"end":{"line":81,"column":null}},"47":{"start":{"line":82,"column":16},"end":{"line":82,"column":66}},"48":{"start":{"line":85,"column":12},"end":{"line":98,"column":15}},"49":{"start":{"line":100,"column":12},"end":{"line":113,"column":15}},"50":{"start":{"line":115,"column":12},"end":{"line":128,"column":15}},"51":{"start":{"line":131,"column":32},"end":{"line":196,"column":9}},"52":{"start":{"line":133,"column":12},"end":{"line":133,"column":45}},"53":{"start":{"line":135,"column":56},"end":{"line":135,"column":98}},"54":{"start":{"line":136,"column":53},"end":{"line":136,"column":131}},"55":{"start":{"line":136,"column":98},"end":{"line":136,"column":122}},"56":{"start":{"line":137,"column":50},"end":{"line":137,"column":83}},"57":{"start":{"line":139,"column":12},"end":{"line":159,"column":13}},"58":{"start":{"line":139,"column":25},"end":{"line":139,"column":26}},"59":{"start":{"line":140,"column":27},"end":{"line":140,"column":36}},"60":{"start":{"line":141,"column":30},"end":{"line":141,"column":53}},"61":{"start":{"line":142,"column":33},"end":{"line":142,"column":45}},"62":{"start":{"line":143,"column":29},"end":{"line":143,"column":45}},"63":{"start":{"line":144,"column":66},"end":{"line":144,"column":68}},"64":{"start":{"line":145,"column":35},"end":{"line":145,"column":39}},"65":{"start":{"line":146,"column":29},"end":{"line":146,"column":60}},"66":{"start":{"line":147,"column":46},"end":{"line":157,"column":null}},"67":{"start":{"line":158,"column":16},"end":{"line":158,"column":75}},"68":{"start":{"line":160,"column":12},"end":{"line":170,"column":15}},"69":{"start":{"line":172,"column":12},"end":{"line":182,"column":15}},"70":{"start":{"line":184,"column":12},"end":{"line":194,"column":15}},"71":{"start":{"line":198,"column":30},"end":{"line":242,"column":9}},"72":{"start":{"line":200,"column":12},"end":{"line":200,"column":43}},"73":{"start":{"line":202,"column":56},"end":{"line":202,"column":98}},"74":{"start":{"line":203,"column":53},"end":{"line":203,"column":131}},"75":{"start":{"line":203,"column":98},"end":{"line":203,"column":122}},"76":{"start":{"line":204,"column":50},"end":{"line":204,"column":83}},"77":{"start":{"line":206,"column":12},"end":{"line":216,"column":15}},"78":{"start":{"line":218,"column":12},"end":{"line":228,"column":15}},"79":{"start":{"line":230,"column":12},"end":{"line":240,"column":15}},"80":{"start":{"line":244,"column":30},"end":{"line":254,"column":9}},"81":{"start":{"line":246,"column":12},"end":{"line":246,"column":46}},"82":{"start":{"line":248,"column":12},"end":{"line":253,"column":null}},"83":{"start":{"line":256,"column":8},"end":{"line":256,"column":30}},"84":{"start":{"line":257,"column":8},"end":{"line":257,"column":29}},"85":{"start":{"line":258,"column":8},"end":{"line":258,"column":32}},"86":{"start":{"line":259,"column":8},"end":{"line":259,"column":30}},"87":{"start":{"line":260,"column":8},"end":{"line":260,"column":56}},"88":{"start":{"line":262,"column":8},"end":{"line":262,"column":29}},"89":{"start":{"line":263,"column":8},"end":{"line":263,"column":50}},"90":{"start":{"line":266,"column":8},"end":{"line":266,"column":64}},"91":{"start":{"line":272,"column":21},"end":{"line":272,"column":53}},"92":{"start":{"line":273,"column":4},"end":{"line":273,"column":60}},"93":{"start":{"line":274,"column":4},"end":{"line":274,"column":50}},"94":{"start":{"line":275,"column":4},"end":{"line":277,"column":7}},"95":{"start":{"line":276,"column":8},"end":{"line":276,"column":75}},"96":{"start":{"line":280,"column":0},"end":{"line":280,"column":13}}},"fnMap":{"0":{"name":"dbFixtures","decl":{"start":{"line":25,"column":15},"end":{"line":25,"column":25}},"loc":{"start":{"line":25,"column":25},"end":{"line":269,"column":1}}},"1":{"name":"(anonymous_11)","decl":{"start":{"line":52,"column":29},"end":{"line":52,"column":34}},"loc":{"start":{"line":52,"column":40},"end":{"line":129,"column":9}}},"2":{"name":"(anonymous_12)","decl":{"start":{"line":57,"column":85},"end":{"line":57,"column":90}},"loc":{"start":{"line":57,"column":98},"end":{"line":57,"column":122}}},"3":{"name":"(anonymous_13)","decl":{"start":{"line":131,"column":32},"end":{"line":131,"column":37}},"loc":{"start":{"line":131,"column":43},"end":{"line":196,"column":9}}},"4":{"name":"(anonymous_14)","decl":{"start":{"line":136,"column":85},"end":{"line":136,"column":90}},"loc":{"start":{"line":136,"column":98},"end":{"line":136,"column":122}}},"5":{"name":"(anonymous_15)","decl":{"start":{"line":198,"column":30},"end":{"line":198,"column":35}},"loc":{"start":{"line":198,"column":41},"end":{"line":242,"column":9}}},"6":{"name":"(anonymous_16)","decl":{"start":{"line":203,"column":85},"end":{"line":203,"column":90}},"loc":{"start":{"line":203,"column":98},"end":{"line":203,"column":122}}},"7":{"name":"(anonymous_17)","decl":{"start":{"line":244,"column":30},"end":{"line":244,"column":35}},"loc":{"start":{"line":244,"column":41},"end":{"line":254,"column":9}}},"8":{"name":"recreateLogs","decl":{"start":{"line":271,"column":15},"end":{"line":271,"column":27}},"loc":{"start":{"line":271,"column":27},"end":{"line":278,"column":1}}},"9":{"name":"(anonymous_19)","decl":{"start":{"line":275,"column":45},"end":{"line":275,"column":50}},"loc":{"start":{"line":275,"column":64},"end":{"line":277,"column":5}}}},"branchMap":{"0":{"loc":{"start":{"line":4,"column":0},"end":{"line":12,"column":1}},"type":"if","locations":[{"start":{"line":4,"column":0},"end":{"line":12,"column":1}},{"start":{"line":7,"column":7},"end":{"line":12,"column":1}}]}},"s":{"0":0,"1":0,"2":0,"3":0,"4":0,"5":0,"6":0,"7":0,"8":0,"9":0,"10":0,"11":0,"12":0,"13":0,"14":0,"15":0,"16":0,"17":0,"18":0,"19":0,"20":0,"21":0,"22":0,"23":0,"24":0,"25":0,"26":0,"27":0,"28":0,"29":0,"30":0,"31":0,"32":0,"33":0,"34":0,"35":0,"36":0,"37":0,"38":0,"39":0,"40":0,"41":0,"42":0,"43":0,"44":0,"45":0,"46":0,"47":0,"48":0,"49":0,"50":0,"51":0,"52":0,"53":0,"54":0,"55":0,"56":0,"57":0,"58":0,"59":0,"60":0,"61":0,"62":0,"63":0,"64":0,"65":0,"66":0,"67":0,"68":0,"69":0,"70":0,"71":0,"72":0,"73":0,"74":0,"75":0,"76":0,"77":0,"78":0,"79":0,"80":0,"81":0,"82":0,"83":0,"84":0,"85":0,"86":0,"87":0,"88":0,"89":0,"90":0,"91":0,"92":0,"93":0,"94":0,"95":0,"96":0},"f":{"0":0,"1":0,"2":0,"3":0,"4":0,"5":0,"6":0,"7":0,"8":0,"9":0},"b":{"0":[0,0]}}
,"/Users/maciejbartynski/Desktop/projekty/bakemania-web-app/server/app.ts": {"path":"/Users/maciejbartynski/Desktop/projekty/bakemania-web-app/server/app.ts","statementMap":{"0":{"start":{"line":1,"column":0},"end":{"line":1,"column":28}},"1":{"start":{"line":2,"column":0},"end":{"line":2,"column":24}},"2":{"start":{"line":3,"column":0},"end":{"line":3,"column":46}},"3":{"start":{"line":5,"column":0},"end":{"line":13,"column":1}},"4":{"start":{"line":6,"column":23},"end":{"line":6,"column":57}},"5":{"start":{"line":7,"column":4},"end":{"line":7,"column":40}},"6":{"start":{"line":15,"column":0},"end":{"line":15,"column":30}},"7":{"start":{"line":16,"column":0},"end":{"line":16,"column":43}},"8":{"start":{"line":17,"column":0},"end":{"line":17,"column":43}},"9":{"start":{"line":18,"column":0},"end":{"line":18,"column":42}},"10":{"start":{"line":19,"column":0},"end":{"line":19,"column":53}},"11":{"start":{"line":20,"column":0},"end":{"line":20,"column":45}},"12":{"start":{"line":21,"column":0},"end":{"line":21,"column":24}},"13":{"start":{"line":22,"column":0},"end":{"line":22,"column":53}},"14":{"start":{"line":23,"column":0},"end":{"line":23,"column":20}},"15":{"start":{"line":24,"column":0},"end":{"line":24,"column":26}},"16":{"start":{"line":25,"column":0},"end":{"line":25,"column":24}},"17":{"start":{"line":26,"column":0},"end":{"line":26,"column":37}},"18":{"start":{"line":27,"column":0},"end":{"line":27,"column":31}},"19":{"start":{"line":28,"column":0},"end":{"line":28,"column":42}},"20":{"start":{"line":29,"column":0},"end":{"line":29,"column":42}},"21":{"start":{"line":30,"column":0},"end":{"line":30,"column":41}},"22":{"start":{"line":32,"column":12},"end":{"line":32,"column":21}},"23":{"start":{"line":33,"column":0},"end":{"line":33,"column":24}},"24":{"start":{"line":34,"column":0},"end":{"line":34,"column":16}},"25":{"start":{"line":36,"column":0},"end":{"line":38,"column":null}},"26":{"start":{"line":37,"column":4},"end":{"line":37,"column":27}},"27":{"start":{"line":40,"column":16},"end":{"line":46,"column":2}},"28":{"start":{"line":48,"column":0},"end":{"line":53,"column":3}},"29":{"start":{"line":49,"column":4},"end":{"line":51,"column":7}},"30":{"start":{"line":50,"column":8},"end":{"line":50,"column":45}},"31":{"start":{"line":52,"column":4},"end":{"line":52,"column":27}},"32":{"start":{"line":55,"column":0},"end":{"line":55,"column":33}},"33":{"start":{"line":56,"column":0},"end":{"line":56,"column":63}},"34":{"start":{"line":57,"column":0},"end":{"line":57,"column":102}},"35":{"start":{"line":58,"column":0},"end":{"line":58,"column":90}},"36":{"start":{"line":59,"column":0},"end":{"line":59,"column":74}},"37":{"start":{"line":65,"column":0},"end":{"line":65,"column":76}},"38":{"start":{"line":66,"column":0},"end":{"line":68,"column":3}},"39":{"start":{"line":67,"column":4},"end":{"line":67,"column":78}},"40":{"start":{"line":77,"column":4},"end":{"line":82,"column":null}},"41":{"start":{"line":195,"column":9},"end":{"line":195,"column":16}},"42":{"start":{"line":84,"column":0},"end":{"line":122,"column":1}},"43":{"start":{"line":88,"column":21},"end":{"line":88,"column":25}},"44":{"start":{"line":89,"column":23},"end":{"line":89,"column":45}},"45":{"start":{"line":91,"column":4},"end":{"line":94,"column":7}},"46":{"start":{"line":92,"column":8},"end":{"line":92,"column":58}},"47":{"start":{"line":93,"column":8},"end":{"line":93,"column":52}},"48":{"start":{"line":96,"column":4},"end":{"line":96,"column":59}},"49":{"start":{"line":98,"column":4},"end":{"line":98,"column":30}},"50":{"start":{"line":99,"column":4},"end":{"line":99,"column":26}},"51":{"start":{"line":107,"column":22},"end":{"line":107,"column":38}},"52":{"start":{"line":108,"column":24},"end":{"line":111,"column":11}},"53":{"start":{"line":113,"column":4},"end":{"line":116,"column":7}},"54":{"start":{"line":114,"column":8},"end":{"line":114,"column":60}},"55":{"start":{"line":115,"column":8},"end":{"line":115,"column":54}},"56":{"start":{"line":118,"column":4},"end":{"line":118,"column":60}},"57":{"start":{"line":120,"column":4},"end":{"line":120,"column":32}},"58":{"start":{"line":121,"column":4},"end":{"line":121,"column":27}},"59":{"start":{"line":124,"column":0},"end":{"line":191,"column":3}},"60":{"start":{"line":125,"column":4},"end":{"line":190,"column":7}},"61":{"start":{"line":127,"column":35},"end":{"line":127,"column":91}},"62":{"start":{"line":128,"column":27},"end":{"line":128,"column":49}},"63":{"start":{"line":130,"column":8},"end":{"line":136,"column":9}},"64":{"start":{"line":131,"column":12},"end":{"line":133,"column":15}},"65":{"start":{"line":132,"column":16},"end":{"line":132,"column":67}},"66":{"start":{"line":134,"column":12},"end":{"line":134,"column":23}},"67":{"start":{"line":135,"column":12},"end":{"line":135,"column":24}},"68":{"start":{"line":138,"column":8},"end":{"line":144,"column":9}},"69":{"start":{"line":139,"column":12},"end":{"line":141,"column":15}},"70":{"start":{"line":140,"column":16},"end":{"line":140,"column":59}},"71":{"start":{"line":142,"column":12},"end":{"line":142,"column":23}},"72":{"start":{"line":143,"column":12},"end":{"line":143,"column":24}},"73":{"start":{"line":146,"column":8},"end":{"line":188,"column":15}},"74":{"start":{"line":151,"column":16},"end":{"line":160,"column":17}},"75":{"start":{"line":152,"column":20},"end":{"line":158,"column":23}},"76":{"start":{"line":153,"column":24},"end":{"line":153,"column":64}},"77":{"start":{"line":154,"column":24},"end":{"line":154,"column":56}},"78":{"start":{"line":155,"column":24},"end":{"line":157,"column":25}},"79":{"start":{"line":156,"column":28},"end":{"line":156,"column":53}},"80":{"start":{"line":159,"column":20},"end":{"line":159,"column":27}},"81":{"start":{"line":162,"column":16},"end":{"line":187,"column":17}},"82":{"start":{"line":163,"column":35},"end":{"line":163,"column":43}},"83":{"start":{"line":164,"column":20},"end":{"line":171,"column":21}},"84":{"start":{"line":165,"column":24},"end":{"line":169,"column":27}},"85":{"start":{"line":166,"column":28},"end":{"line":166,"column":68}},"86":{"start":{"line":167,"column":28},"end":{"line":167,"column":74}},"87":{"start":{"line":168,"column":28},"end":{"line":168,"column":53}},"88":{"start":{"line":170,"column":24},"end":{"line":170,"column":31}},"89":{"start":{"line":173,"column":20},"end":{"line":173,"column":52}},"90":{"start":{"line":175,"column":20},"end":{"line":177,"column":23}},"91":{"start":{"line":176,"column":24},"end":{"line":176,"column":63}},"92":{"start":{"line":179,"column":20},"end":{"line":186,"column":23}},"93":{"start":{"line":180,"column":24},"end":{"line":185,"column":null}},"94":{"start":{"line":181,"column":28},"end":{"line":183,"column":29}},"95":{"start":{"line":182,"column":32},"end":{"line":182,"column":39}},"96":{"start":{"line":184,"column":28},"end":{"line":184,"column":59}},"97":{"start":{"line":193,"column":0},"end":{"line":193,"column":19}}},"fnMap":{"0":{"name":"(anonymous_1)","decl":{"start":{"line":36,"column":21},"end":{"line":36,"column":22}},"loc":{"start":{"line":36,"column":34},"end":{"line":38,"column":1}}},"1":{"name":"(anonymous_2)","decl":{"start":{"line":48,"column":68},"end":{"line":48,"column":69}},"loc":{"start":{"line":48,"column":81},"end":{"line":53,"column":1}}},"2":{"name":"(anonymous_3)","decl":{"start":{"line":49,"column":54},"end":{"line":49,"column":57}},"loc":{"start":{"line":49,"column":59},"end":{"line":51,"column":5}}},"3":{"name":"(anonymous_4)","decl":{"start":{"line":66,"column":13},"end":{"line":66,"column":14}},"loc":{"start":{"line":66,"column":26},"end":{"line":68,"column":1}}},"4":{"name":"(anonymous_5)","decl":{"start":{"line":91,"column":32},"end":{"line":91,"column":35}},"loc":{"start":{"line":91,"column":37},"end":{"line":94,"column":5}}},"5":{"name":"(anonymous_6)","decl":{"start":{"line":113,"column":34},"end":{"line":113,"column":37}},"loc":{"start":{"line":113,"column":39},"end":{"line":116,"column":5}}},"6":{"name":"(anonymous_7)","decl":{"start":{"line":124,"column":26},"end":{"line":124,"column":27}},"loc":{"start":{"line":124,"column":38},"end":{"line":191,"column":1}}},"7":{"name":"(anonymous_8)","decl":{"start":{"line":125,"column":60},"end":{"line":125,"column":63}},"loc":{"start":{"line":125,"column":65},"end":{"line":190,"column":5}}},"8":{"name":"(anonymous_9)","decl":{"start":{"line":131,"column":48},"end":{"line":131,"column":49}},"loc":{"start":{"line":131,"column":63},"end":{"line":133,"column":13}}},"9":{"name":"(anonymous_10)","decl":{"start":{"line":139,"column":53},"end":{"line":139,"column":54}},"loc":{"start":{"line":139,"column":68},"end":{"line":141,"column":13}}},"10":{"name":"(anonymous_11)","decl":{"start":{"line":149,"column":12},"end":{"line":149,"column":17}},"loc":{"start":{"line":149,"column":57},"end":{"line":188,"column":13}}},"11":{"name":"(anonymous_12)","decl":{"start":{"line":152,"column":70},"end":{"line":152,"column":71}},"loc":{"start":{"line":152,"column":85},"end":{"line":158,"column":21}}},"12":{"name":"(anonymous_13)","decl":{"start":{"line":165,"column":74},"end":{"line":165,"column":75}},"loc":{"start":{"line":165,"column":89},"end":{"line":169,"column":25}}},"13":{"name":"(anonymous_14)","decl":{"start":{"line":175,"column":37},"end":{"line":175,"column":38}},"loc":{"start":{"line":175,"column":49},"end":{"line":177,"column":21}}},"14":{"name":"(anonymous_15)","decl":{"start":{"line":179,"column":35},"end":{"line":179,"column":38}},"loc":{"start":{"line":179,"column":40},"end":{"line":186,"column":21}}},"15":{"name":"(anonymous_16)","decl":{"start":{"line":180,"column":79},"end":{"line":180,"column":82}},"loc":{"start":{"line":180,"column":84},"end":{"line":185,"column":25}}}},"branchMap":{"0":{"loc":{"start":{"line":5,"column":0},"end":{"line":13,"column":1}},"type":"if","locations":[{"start":{"line":5,"column":0},"end":{"line":13,"column":1}},{"start":{"line":8,"column":7},"end":{"line":13,"column":1}}]},"1":{"loc":{"start":{"line":84,"column":0},"end":{"line":122,"column":1}},"type":"if","locations":[{"start":{"line":84,"column":0},"end":{"line":122,"column":1}},{"start":{"line":100,"column":7},"end":{"line":122,"column":1}}]},"2":{"loc":{"start":{"line":109,"column":29},"end":{"line":109,"column":55}},"type":"binary-expr","locations":[{"start":{"line":109,"column":29},"end":{"line":109,"column":49}},{"start":{"line":109,"column":53},"end":{"line":109,"column":55}}]},"3":{"loc":{"start":{"line":110,"column":30},"end":{"line":110,"column":57}},"type":"binary-expr","locations":[{"start":{"line":110,"column":30},"end":{"line":110,"column":51}},{"start":{"line":110,"column":55},"end":{"line":110,"column":57}}]},"4":{"loc":{"start":{"line":127,"column":35},"end":{"line":127,"column":91}},"type":"binary-expr","locations":[{"start":{"line":127,"column":35},"end":{"line":127,"column":85}},{"start":{"line":127,"column":89},"end":{"line":127,"column":91}}]},"5":{"loc":{"start":{"line":130,"column":8},"end":{"line":136,"column":9}},"type":"if","locations":[{"start":{"line":130,"column":8},"end":{"line":136,"column":9}}]},"6":{"loc":{"start":{"line":138,"column":8},"end":{"line":144,"column":9}},"type":"if","locations":[{"start":{"line":138,"column":8},"end":{"line":144,"column":9}}]},"7":{"loc":{"start":{"line":151,"column":16},"end":{"line":160,"column":17}},"type":"if","locations":[{"start":{"line":151,"column":16},"end":{"line":160,"column":17}}]},"8":{"loc":{"start":{"line":155,"column":24},"end":{"line":157,"column":25}},"type":"if","locations":[{"start":{"line":155,"column":24},"end":{"line":157,"column":25}}]},"9":{"loc":{"start":{"line":162,"column":16},"end":{"line":187,"column":17}},"type":"if","locations":[{"start":{"line":162,"column":16},"end":{"line":187,"column":17}}]},"10":{"loc":{"start":{"line":164,"column":20},"end":{"line":171,"column":21}},"type":"if","locations":[{"start":{"line":164,"column":20},"end":{"line":171,"column":21}}]},"11":{"loc":{"start":{"line":181,"column":28},"end":{"line":183,"column":29}},"type":"if","locations":[{"start":{"line":181,"column":28},"end":{"line":183,"column":29}}]}},"s":{"0":6,"1":6,"2":6,"3":6,"4":6,"5":6,"6":6,"7":6,"8":6,"9":6,"10":6,"11":6,"12":6,"13":6,"14":6,"15":6,"16":6,"17":6,"18":6,"19":6,"20":6,"21":6,"22":6,"23":6,"24":6,"25":6,"26":0,"27":6,"28":6,"29":0,"30":0,"31":0,"32":6,"33":6,"34":6,"35":6,"36":6,"37":6,"38":6,"39":0,"40":6,"41":6,"42":6,"43":0,"44":0,"45":0,"46":0,"47":0,"48":0,"49":0,"50":0,"51":6,"52":6,"53":6,"54":6,"55":6,"56":6,"57":6,"58":6,"59":6,"60":0,"61":0,"62":0,"63":0,"64":0,"65":0,"66":0,"67":0,"68":0,"69":0,"70":0,"71":0,"72":0,"73":0,"74":0,"75":0,"76":0,"77":0,"78":0,"79":0,"80":0,"81":0,"82":0,"83":0,"84":0,"85":0,"86":0,"87":0,"88":0,"89":0,"90":0,"91":0,"92":0,"93":0,"94":0,"95":0,"96":0,"97":6},"f":{"0":0,"1":0,"2":0,"3":0,"4":0,"5":6,"6":0,"7":0,"8":0,"9":0,"10":0,"11":0,"12":0,"13":0,"14":0,"15":0},"b":{"0":[6,0],"1":[0,6],"2":[6,0],"3":[6,0],"4":[0,0],"5":[0],"6":[0],"7":[0],"8":[0],"9":[0],"10":[0],"11":[0]}}
,"/Users/maciejbartynski/Desktop/projekty/bakemania-web-app/server/wsConnections.ts": {"path":"/Users/maciejbartynski/Desktop/projekty/bakemania-web-app/server/wsConnections.ts","statementMap":{"0":{"start":{"line":1,"column":0},"end":{"line":1,"column":27}},"1":{"start":{"line":3,"column":20},"end":{"line":5,"column":null}},"2":{"start":{"line":7,"column":31},"end":{"line":16,"column":1}},"3":{"start":{"line":8,"column":19},"end":{"line":8,"column":46}},"4":{"start":{"line":9,"column":4},"end":{"line":15,"column":5}},"5":{"start":{"line":11,"column":8},"end":{"line":13,"column":9}},"6":{"start":{"line":12,"column":12},"end":{"line":12,"column":33}},"7":{"start":{"line":7,"column":13},"end":{"line":7,"column":31}},"8":{"start":{"line":18,"column":0},"end":{"line":18,"column":null}}},"fnMap":{"0":{"name":"(anonymous_1)","decl":{"start":{"line":7,"column":31},"end":{"line":7,"column":32}},"loc":{"start":{"line":7,"column":67},"end":{"line":16,"column":1}}}},"branchMap":{"0":{"loc":{"start":{"line":9,"column":4},"end":{"line":15,"column":5}},"type":"if","locations":[{"start":{"line":9,"column":4},"end":{"line":15,"column":5}}]},"1":{"loc":{"start":{"line":11,"column":8},"end":{"line":13,"column":9}},"type":"if","locations":[{"start":{"line":11,"column":8},"end":{"line":13,"column":9}}]}},"s":{"0":6,"1":6,"2":6,"3":0,"4":0,"5":0,"6":0,"7":6,"8":6},"f":{"0":0},"b":{"0":[0],"1":[0]}}
,"/Users/maciejbartynski/Desktop/projekty/bakemania-web-app/server/api/admin/router.ts": {"path":"/Users/maciejbartynski/Desktop/projekty/bakemania-web-app/server/api/admin/router.ts","statementMap":{"0":{"start":{"line":1,"column":0},"end":{"line":1,"column":30}},"1":{"start":{"line":2,"column":0},"end":{"line":2,"column":45}},"2":{"start":{"line":3,"column":0},"end":{"line":3,"column":36}},"3":{"start":{"line":4,"column":0},"end":{"line":4,"column":73}},"4":{"start":{"line":6,"column":0},"end":{"line":6,"column":20}},"5":{"start":{"line":7,"column":0},"end":{"line":7,"column":32}},"6":{"start":{"line":8,"column":0},"end":{"line":8,"column":24}},"7":{"start":{"line":9,"column":0},"end":{"line":9,"column":68}},"8":{"start":{"line":10,"column":0},"end":{"line":10,"column":34}},"9":{"start":{"line":11,"column":0},"end":{"line":11,"column":44}},"10":{"start":{"line":12,"column":0},"end":{"line":12,"column":20}},"11":{"start":{"line":14,"column":20},"end":{"line":14,"column":36}},"12":{"start":{"line":16,"column":0},"end":{"line":16,"column":30}},"13":{"start":{"line":18,"column":0},"end":{"line":56,"column":3}},"14":{"start":{"line":19,"column":4},"end":{"line":55,"column":null}},"15":{"start":{"line":20,"column":27},"end":{"line":20,"column":37}},"16":{"start":{"line":21,"column":32},"end":{"line":21,"column":40}},"17":{"start":{"line":22,"column":28},"end":{"line":22,"column":72}},"18":{"start":{"line":24,"column":8},"end":{"line":30,"column":9}},"19":{"start":{"line":25,"column":12},"end":{"line":28,"column":15}},"20":{"start":{"line":29,"column":12},"end":{"line":29,"column":19}},"21":{"start":{"line":32,"column":26},"end":{"line":34,"column":10}},"22":{"start":{"line":36,"column":8},"end":{"line":42,"column":9}},"23":{"start":{"line":37,"column":12},"end":{"line":40,"column":15}},"24":{"start":{"line":41,"column":12},"end":{"line":41,"column":19}},"25":{"start":{"line":44,"column":8},"end":{"line":47,"column":11}},"26":{"start":{"line":48,"column":8},"end":{"line":48,"column":15}},"27":{"start":{"line":50,"column":8},"end":{"line":53,"column":11}},"28":{"start":{"line":54,"column":8},"end":{"line":54,"column":15}},"29":{"start":{"line":58,"column":0},"end":{"line":123,"column":null}},"30":{"start":{"line":59,"column":4},"end":{"line":122,"column":null}},"31":{"start":{"line":60,"column":27},"end":{"line":60,"column":69}},"32":{"start":{"line":62,"column":8},"end":{"line":68,"column":9}},"33":{"start":{"line":63,"column":12},"end":{"line":66,"column":15}},"34":{"start":{"line":67,"column":12},"end":{"line":67,"column":19}},"35":{"start":{"line":70,"column":30},"end":{"line":70,"column":95}},"36":{"start":{"line":71,"column":21},"end":{"line":71,"column":40}},"37":{"start":{"line":72,"column":27},"end":{"line":72,"column":29}},"38":{"start":{"line":73,"column":8},"end":{"line":82,"column":11}},"39":{"start":{"line":74,"column":30},"end":{"line":74,"column":53}},"40":{"start":{"line":75,"column":12},"end":{"line":81,"column":13}},"41":{"start":{"line":76,"column":16},"end":{"line":76,"column":79}},"42":{"start":{"line":78,"column":16},"end":{"line":80,"column":17}},"43":{"start":{"line":79,"column":20},"end":{"line":79,"column":82}},"44":{"start":{"line":84,"column":8},"end":{"line":90,"column":9}},"45":{"start":{"line":85,"column":12},"end":{"line":88,"column":15}},"46":{"start":{"line":89,"column":12},"end":{"line":89,"column":19}},"47":{"start":{"line":92,"column":34},"end":{"line":95,"column":10}},"48":{"start":{"line":96,"column":26},"end":{"line":98,"column":18}},"49":{"start":{"line":99,"column":30},"end":{"line":101,"column":18}},"50":{"start":{"line":103,"column":8},"end":{"line":115,"column":9}},"51":{"start":{"line":104,"column":12},"end":{"line":107,"column":15}},"52":{"start":{"line":108,"column":12},"end":{"line":108,"column":19}},"53":{"start":{"line":110,"column":12},"end":{"line":113,"column":15}},"54":{"start":{"line":114,"column":12},"end":{"line":114,"column":19}},"55":{"start":{"line":118,"column":8},"end":{"line":121,"column":11}},"56":{"start":{"line":125,"column":0},"end":{"line":157,"column":3}},"57":{"start":{"line":126,"column":4},"end":{"line":156,"column":7}},"58":{"start":{"line":127,"column":23},"end":{"line":127,"column":58}},"59":{"start":{"line":128,"column":33},"end":{"line":128,"column":35}},"60":{"start":{"line":129,"column":24},"end":{"line":131,"column":10}},"61":{"start":{"line":132,"column":8},"end":{"line":132,"column":58}},"62":{"start":{"line":132,"column":38},"end":{"line":132,"column":56}},"63":{"start":{"line":133,"column":8},"end":{"line":147,"column":11}},"64":{"start":{"line":134,"column":30},"end":{"line":134,"column":51}},"65":{"start":{"line":135,"column":28},"end":{"line":135,"column":68}},"66":{"start":{"line":136,"column":12},"end":{"line":146,"column":13}},"67":{"start":{"line":137,"column":16},"end":{"line":140,"column":19}},"68":{"start":{"line":142,"column":16},"end":{"line":145,"column":19}},"69":{"start":{"line":149,"column":8},"end":{"line":149,"column":47}},"70":{"start":{"line":150,"column":8},"end":{"line":150,"column":33}},"71":{"start":{"line":152,"column":8},"end":{"line":155,"column":11}},"72":{"start":{"line":159,"column":0},"end":{"line":221,"column":3}},"73":{"start":{"line":160,"column":4},"end":{"line":220,"column":7}},"74":{"start":{"line":161,"column":8},"end":{"line":167,"column":9}},"75":{"start":{"line":162,"column":12},"end":{"line":165,"column":15}},"76":{"start":{"line":166,"column":12},"end":{"line":166,"column":19}},"77":{"start":{"line":169,"column":21},"end":{"line":169,"column":87}},"78":{"start":{"line":170,"column":29},"end":{"line":170,"column":37}},"79":{"start":{"line":171,"column":24},"end":{"line":171,"column":61}},"80":{"start":{"line":173,"column":8},"end":{"line":179,"column":9}},"81":{"start":{"line":174,"column":12},"end":{"line":177,"column":15}},"82":{"start":{"line":178,"column":12},"end":{"line":178,"column":19}},"83":{"start":{"line":181,"column":27},"end":{"line":181,"column":67}},"84":{"start":{"line":183,"column":8},"end":{"line":189,"column":9}},"85":{"start":{"line":184,"column":12},"end":{"line":187,"column":15}},"86":{"start":{"line":188,"column":12},"end":{"line":188,"column":19}},"87":{"start":{"line":191,"column":8},"end":{"line":212,"column":9}},"88":{"start":{"line":192,"column":12},"end":{"line":192,"column":37}},"89":{"start":{"line":193,"column":29},"end":{"line":193,"column":62}},"90":{"start":{"line":194,"column":12},"end":{"line":194,"column":36}},"91":{"start":{"line":195,"column":12},"end":{"line":195,"column":57}},"92":{"start":{"line":196,"column":12},"end":{"line":196,"column":36}},"93":{"start":{"line":198,"column":12},"end":{"line":201,"column":15}},"94":{"start":{"line":203,"column":12},"end":{"line":205,"column":13}},"95":{"start":{"line":204,"column":16},"end":{"line":204,"column":59}},"96":{"start":{"line":207,"column":12},"end":{"line":211,"column":15}},"97":{"start":{"line":215,"column":8},"end":{"line":219,"column":11}},"98":{"start":{"line":223,"column":0},"end":{"line":255,"column":3}},"99":{"start":{"line":224,"column":4},"end":{"line":254,"column":7}},"100":{"start":{"line":225,"column":27},"end":{"line":225,"column":67}},"101":{"start":{"line":227,"column":8},"end":{"line":233,"column":9}},"102":{"start":{"line":228,"column":12},"end":{"line":231,"column":15}},"103":{"start":{"line":232,"column":12},"end":{"line":232,"column":19}},"104":{"start":{"line":235,"column":8},"end":{"line":247,"column":9}},"105":{"start":{"line":236,"column":12},"end":{"line":236,"column":55}},"106":{"start":{"line":237,"column":12},"end":{"line":240,"column":15}},"107":{"start":{"line":242,"column":12},"end":{"line":246,"column":15}},"108":{"start":{"line":249,"column":8},"end":{"line":253,"column":11}},"109":{"start":{"line":257,"column":0},"end":{"line":368,"column":3}},"110":{"start":{"line":258,"column":4},"end":{"line":367,"column":7}},"111":{"start":{"line":259,"column":33},"end":{"line":259,"column":41}},"112":{"start":{"line":261,"column":8},"end":{"line":267,"column":9}},"113":{"start":{"line":262,"column":12},"end":{"line":265,"column":15}},"114":{"start":{"line":266,"column":12},"end":{"line":266,"column":19}},"115":{"start":{"line":269,"column":27},"end":{"line":269,"column":67}},"116":{"start":{"line":270,"column":29},"end":{"line":270,"column":63}},"117":{"start":{"line":271,"column":23},"end":{"line":271,"column":58}},"118":{"start":{"line":272,"column":25},"end":{"line":272,"column":66}},"119":{"start":{"line":274,"column":8},"end":{"line":280,"column":9}},"120":{"start":{"line":275,"column":12},"end":{"line":278,"column":15}},"121":{"start":{"line":279,"column":12},"end":{"line":279,"column":19}},"122":{"start":{"line":282,"column":8},"end":{"line":288,"column":9}},"123":{"start":{"line":283,"column":12},"end":{"line":286,"column":15}},"124":{"start":{"line":287,"column":12},"end":{"line":287,"column":19}},"125":{"start":{"line":290,"column":8},"end":{"line":360,"column":9}},"126":{"start":{"line":292,"column":12},"end":{"line":294,"column":13}},"127":{"start":{"line":293,"column":16},"end":{"line":293,"column":57}},"128":{"start":{"line":295,"column":12},"end":{"line":295,"column":35}},"129":{"start":{"line":298,"column":34},"end":{"line":312,"column":13}},"130":{"start":{"line":299,"column":32},"end":{"line":299,"column":76}},"131":{"start":{"line":301,"column":16},"end":{"line":311,"column":17}},"132":{"start":{"line":302,"column":36},"end":{"line":302,"column":62}},"133":{"start":{"line":303,"column":37},"end":{"line":303,"column":64}},"134":{"start":{"line":305,"column":20},"end":{"line":310,"column":21}},"135":{"start":{"line":306,"column":24},"end":{"line":306,"column":47}},"136":{"start":{"line":307,"column":24},"end":{"line":307,"column":57}},"137":{"start":{"line":309,"column":24},"end":{"line":309,"column":59}},"138":{"start":{"line":314,"column":12},"end":{"line":314,"column":50}},"139":{"start":{"line":317,"column":36},"end":{"line":330,"column":13}},"140":{"start":{"line":318,"column":16},"end":{"line":329,"column":17}},"141":{"start":{"line":319,"column":36},"end":{"line":319,"column":80}},"142":{"start":{"line":320,"column":20},"end":{"line":328,"column":21}},"143":{"start":{"line":321,"column":41},"end":{"line":321,"column":67}},"144":{"start":{"line":322,"column":24},"end":{"line":327,"column":25}},"145":{"start":{"line":323,"column":28},"end":{"line":323,"column":54}},"146":{"start":{"line":324,"column":28},"end":{"line":324,"column":51}},"147":{"start":{"line":326,"column":28},"end":{"line":326,"column":52}},"148":{"start":{"line":333,"column":12},"end":{"line":333,"column":36}},"149":{"start":{"line":336,"column":12},"end":{"line":336,"column":44}},"150":{"start":{"line":339,"column":12},"end":{"line":339,"column":53}},"151":{"start":{"line":341,"column":12},"end":{"line":344,"column":15}},"152":{"start":{"line":347,"column":12},"end":{"line":353,"column":13}},"153":{"start":{"line":348,"column":16},"end":{"line":352,"column":17}},"154":{"start":{"line":349,"column":20},"end":{"line":349,"column":61}},"155":{"start":{"line":355,"column":12},"end":{"line":359,"column":15}},"156":{"start":{"line":362,"column":8},"end":{"line":366,"column":11}},"157":{"start":{"line":370,"column":0},"end":{"line":386,"column":3}},"158":{"start":{"line":371,"column":4},"end":{"line":385,"column":7}},"159":{"start":{"line":372,"column":27},"end":{"line":372,"column":67}},"160":{"start":{"line":373,"column":23},"end":{"line":373,"column":48}},"161":{"start":{"line":375,"column":8},"end":{"line":378,"column":11}},"162":{"start":{"line":380,"column":8},"end":{"line":384,"column":11}},"163":{"start":{"line":388,"column":0},"end":{"line":433,"column":3}},"164":{"start":{"line":389,"column":4},"end":{"line":432,"column":7}},"165":{"start":{"line":390,"column":25},"end":{"line":390,"column":62}},"166":{"start":{"line":391,"column":29},"end":{"line":391,"column":68}},"167":{"start":{"line":395,"column":32},"end":{"line":408,"column":9}},"168":{"start":{"line":396,"column":12},"end":{"line":407,"column":13}},"169":{"start":{"line":397,"column":32},"end":{"line":397,"column":76}},"170":{"start":{"line":398,"column":16},"end":{"line":406,"column":17}},"171":{"start":{"line":399,"column":37},"end":{"line":399,"column":63}},"172":{"start":{"line":400,"column":20},"end":{"line":405,"column":21}},"173":{"start":{"line":401,"column":24},"end":{"line":401,"column":50}},"174":{"start":{"line":402,"column":24},"end":{"line":402,"column":47}},"175":{"start":{"line":404,"column":24},"end":{"line":404,"column":48}},"176":{"start":{"line":411,"column":8},"end":{"line":411,"column":34}},"177":{"start":{"line":414,"column":8},"end":{"line":419,"column":9}},"178":{"start":{"line":415,"column":28},"end":{"line":415,"column":52}},"179":{"start":{"line":416,"column":12},"end":{"line":418,"column":13}},"180":{"start":{"line":417,"column":16},"end":{"line":417,"column":59}},"181":{"start":{"line":421,"column":8},"end":{"line":424,"column":11}},"182":{"start":{"line":427,"column":8},"end":{"line":431,"column":11}},"183":{"start":{"line":435,"column":0},"end":{"line":435,"column":27}}},"fnMap":{"0":{"name":"(anonymous_1)","decl":{"start":{"line":18,"column":47},"end":{"line":18,"column":52}},"loc":{"start":{"line":18,"column":101},"end":{"line":56,"column":1}}},"1":{"name":"(anonymous_2)","decl":{"start":{"line":19,"column":76},"end":{"line":19,"column":81}},"loc":{"start":{"line":19,"column":87},"end":{"line":49,"column":5}}},"2":{"name":"(anonymous_3)","decl":{"start":{"line":49,"column":7},"end":{"line":49,"column":8}},"loc":{"start":{"line":49,"column":13},"end":{"line":55,"column":5}}},"3":{"name":"(anonymous_4)","decl":{"start":{"line":58,"column":33},"end":{"line":58,"column":38}},"loc":{"start":{"line":58,"column":52},"end":{"line":123,"column":1}}},"4":{"name":"(anonymous_5)","decl":{"start":{"line":59,"column":68},"end":{"line":59,"column":73}},"loc":{"start":{"line":59,"column":79},"end":{"line":117,"column":5}}},"5":{"name":"(anonymous_6)","decl":{"start":{"line":73,"column":21},"end":{"line":73,"column":24}},"loc":{"start":{"line":73,"column":27},"end":{"line":82,"column":9}}},"6":{"name":"(anonymous_7)","decl":{"start":{"line":117,"column":7},"end":{"line":117,"column":8}},"loc":{"start":{"line":117,"column":13},"end":{"line":122,"column":5}}},"7":{"name":"(anonymous_8)","decl":{"start":{"line":125,"column":28},"end":{"line":125,"column":33}},"loc":{"start":{"line":125,"column":47},"end":{"line":157,"column":1}}},"8":{"name":"(anonymous_9)","decl":{"start":{"line":126,"column":52},"end":{"line":126,"column":57}},"loc":{"start":{"line":126,"column":63},"end":{"line":151,"column":5}}},"9":{"name":"(anonymous_10)","decl":{"start":{"line":132,"column":27},"end":{"line":132,"column":28}},"loc":{"start":{"line":132,"column":38},"end":{"line":132,"column":56}}},"10":{"name":"(anonymous_11)","decl":{"start":{"line":133,"column":26},"end":{"line":133,"column":31}},"loc":{"start":{"line":133,"column":37},"end":{"line":147,"column":9}}},"11":{"name":"(anonymous_12)","decl":{"start":{"line":151,"column":7},"end":{"line":151,"column":8}},"loc":{"start":{"line":151,"column":13},"end":{"line":156,"column":5}}},"12":{"name":"(anonymous_13)","decl":{"start":{"line":159,"column":31},"end":{"line":159,"column":36}},"loc":{"start":{"line":159,"column":50},"end":{"line":221,"column":1}}},"13":{"name":"(anonymous_14)","decl":{"start":{"line":160,"column":54},"end":{"line":160,"column":59}},"loc":{"start":{"line":160,"column":65},"end":{"line":214,"column":5}}},"14":{"name":"(anonymous_15)","decl":{"start":{"line":214,"column":7},"end":{"line":214,"column":8}},"loc":{"start":{"line":214,"column":13},"end":{"line":220,"column":5}}},"15":{"name":"(anonymous_16)","decl":{"start":{"line":223,"column":38},"end":{"line":223,"column":43}},"loc":{"start":{"line":223,"column":57},"end":{"line":255,"column":1}}},"16":{"name":"(anonymous_17)","decl":{"start":{"line":224,"column":59},"end":{"line":224,"column":64}},"loc":{"start":{"line":224,"column":70},"end":{"line":248,"column":5}}},"17":{"name":"(anonymous_18)","decl":{"start":{"line":248,"column":7},"end":{"line":248,"column":8}},"loc":{"start":{"line":248,"column":13},"end":{"line":254,"column":5}}},"18":{"name":"(anonymous_19)","decl":{"start":{"line":257,"column":37},"end":{"line":257,"column":42}},"loc":{"start":{"line":257,"column":56},"end":{"line":368,"column":1}}},"19":{"name":"(anonymous_20)","decl":{"start":{"line":258,"column":60},"end":{"line":258,"column":65}},"loc":{"start":{"line":258,"column":71},"end":{"line":361,"column":5}}},"20":{"name":"(anonymous_21)","decl":{"start":{"line":298,"column":34},"end":{"line":298,"column":35}},"loc":{"start":{"line":298,"column":64},"end":{"line":312,"column":13}}},"21":{"name":"(anonymous_22)","decl":{"start":{"line":317,"column":36},"end":{"line":317,"column":37}},"loc":{"start":{"line":317,"column":52},"end":{"line":330,"column":13}}},"22":{"name":"(anonymous_23)","decl":{"start":{"line":361,"column":7},"end":{"line":361,"column":8}},"loc":{"start":{"line":361,"column":13},"end":{"line":367,"column":5}}},"23":{"name":"(anonymous_24)","decl":{"start":{"line":370,"column":43},"end":{"line":370,"column":48}},"loc":{"start":{"line":370,"column":62},"end":{"line":386,"column":1}}},"24":{"name":"(anonymous_25)","decl":{"start":{"line":371,"column":67},"end":{"line":371,"column":72}},"loc":{"start":{"line":371,"column":78},"end":{"line":379,"column":5}}},"25":{"name":"(anonymous_26)","decl":{"start":{"line":379,"column":7},"end":{"line":379,"column":8}},"loc":{"start":{"line":379,"column":13},"end":{"line":385,"column":5}}},"26":{"name":"(anonymous_27)","decl":{"start":{"line":388,"column":34},"end":{"line":388,"column":39}},"loc":{"start":{"line":388,"column":53},"end":{"line":433,"column":1}}},"27":{"name":"(anonymous_28)","decl":{"start":{"line":389,"column":55},"end":{"line":389,"column":60}},"loc":{"start":{"line":389,"column":66},"end":{"line":426,"column":5}}},"28":{"name":"(anonymous_29)","decl":{"start":{"line":395,"column":32},"end":{"line":395,"column":33}},"loc":{"start":{"line":395,"column":48},"end":{"line":408,"column":9}}},"29":{"name":"(anonymous_30)","decl":{"start":{"line":426,"column":7},"end":{"line":426,"column":8}},"loc":{"start":{"line":426,"column":13},"end":{"line":432,"column":5}}}},"branchMap":{"0":{"loc":{"start":{"line":24,"column":8},"end":{"line":30,"column":9}},"type":"if","locations":[{"start":{"line":24,"column":8},"end":{"line":30,"column":9}}]},"1":{"loc":{"start":{"line":24,"column":12},"end":{"line":24,"column":54}},"type":"binary-expr","locations":[{"start":{"line":24,"column":12},"end":{"line":24,"column":24}},{"start":{"line":24,"column":28},"end":{"line":24,"column":54}}]},"2":{"loc":{"start":{"line":36,"column":8},"end":{"line":42,"column":9}},"type":"if","locations":[{"start":{"line":36,"column":8},"end":{"line":42,"column":9}}]},"3":{"loc":{"start":{"line":52,"column":20},"end":{"line":52,"column":43}},"type":"binary-expr","locations":[{"start":{"line":52,"column":20},"end":{"line":52,"column":38}},{"start":{"line":52,"column":42},"end":{"line":52,"column":43}}]},"4":{"loc":{"start":{"line":62,"column":8},"end":{"line":68,"column":9}},"type":"if","locations":[{"start":{"line":62,"column":8},"end":{"line":68,"column":9}}]},"5":{"loc":{"start":{"line":62,"column":12},"end":{"line":62,"column":49}},"type":"binary-expr","locations":[{"start":{"line":62,"column":12},"end":{"line":62,"column":19}},{"start":{"line":62,"column":23},"end":{"line":62,"column":49}}]},"6":{"loc":{"start":{"line":74,"column":30},"end":{"line":74,"column":53}},"type":"cond-expr","locations":[{"start":{"line":74,"column":45},"end":{"line":74,"column":48}},{"start":{"line":74,"column":51},"end":{"line":74,"column":53}}]},"7":{"loc":{"start":{"line":75,"column":12},"end":{"line":81,"column":13}},"type":"if","locations":[{"start":{"line":75,"column":12},"end":{"line":81,"column":13}},{"start":{"line":77,"column":19},"end":{"line":81,"column":13}}]},"8":{"loc":{"start":{"line":78,"column":16},"end":{"line":80,"column":17}},"type":"if","locations":[{"start":{"line":78,"column":16},"end":{"line":80,"column":17}}]},"9":{"loc":{"start":{"line":84,"column":8},"end":{"line":90,"column":9}},"type":"if","locations":[{"start":{"line":84,"column":8},"end":{"line":90,"column":9}}]},"10":{"loc":{"start":{"line":96,"column":26},"end":{"line":98,"column":18}},"type":"cond-expr","locations":[{"start":{"line":97,"column":14},"end":{"line":97,"column":93}},{"start":{"line":98,"column":14},"end":{"line":98,"column":18}}]},"11":{"loc":{"start":{"line":99,"column":30},"end":{"line":101,"column":18}},"type":"cond-expr","locations":[{"start":{"line":100,"column":14},"end":{"line":100,"column":61}},{"start":{"line":101,"column":14},"end":{"line":101,"column":18}}]},"12":{"loc":{"start":{"line":103,"column":8},"end":{"line":115,"column":9}},"type":"if","locations":[{"start":{"line":103,"column":8},"end":{"line":115,"column":9}},{"start":{"line":109,"column":15},"end":{"line":115,"column":9}}]},"13":{"loc":{"start":{"line":120,"column":20},"end":{"line":120,"column":43}},"type":"binary-expr","locations":[{"start":{"line":120,"column":20},"end":{"line":120,"column":38}},{"start":{"line":120,"column":42},"end":{"line":120,"column":43}}]},"14":{"loc":{"start":{"line":136,"column":12},"end":{"line":146,"column":13}},"type":"if","locations":[{"start":{"line":136,"column":12},"end":{"line":146,"column":13}},{"start":{"line":141,"column":19},"end":{"line":146,"column":13}}]},"15":{"loc":{"start":{"line":154,"column":20},"end":{"line":154,"column":43}},"type":"binary-expr","locations":[{"start":{"line":154,"column":20},"end":{"line":154,"column":38}},{"start":{"line":154,"column":42},"end":{"line":154,"column":43}}]},"16":{"loc":{"start":{"line":161,"column":8},"end":{"line":167,"column":9}},"type":"if","locations":[{"start":{"line":161,"column":8},"end":{"line":167,"column":9}}]},"17":{"loc":{"start":{"line":161,"column":12},"end":{"line":161,"column":41}},"type":"binary-expr","locations":[{"start":{"line":161,"column":12},"end":{"line":161,"column":22}},{"start":{"line":161,"column":26},"end":{"line":161,"column":41}}]},"18":{"loc":{"start":{"line":169,"column":21},"end":{"line":169,"column":87}},"type":"cond-expr","locations":[{"start":{"line":169,"column":53},"end":{"line":169,"column":70}},{"start":{"line":169,"column":73},"end":{"line":169,"column":87}}]},"19":{"loc":{"start":{"line":173,"column":8},"end":{"line":179,"column":9}},"type":"if","locations":[{"start":{"line":173,"column":8},"end":{"line":179,"column":9}}]},"20":{"loc":{"start":{"line":183,"column":8},"end":{"line":189,"column":9}},"type":"if","locations":[{"start":{"line":183,"column":8},"end":{"line":189,"column":9}}]},"21":{"loc":{"start":{"line":203,"column":12},"end":{"line":205,"column":13}},"type":"if","locations":[{"start":{"line":203,"column":12},"end":{"line":205,"column":13}}]},"22":{"loc":{"start":{"line":209,"column":24},"end":{"line":209,"column":55}},"type":"binary-expr","locations":[{"start":{"line":209,"column":24},"end":{"line":209,"column":46}},{"start":{"line":209,"column":50},"end":{"line":209,"column":55}}]},"23":{"loc":{"start":{"line":217,"column":20},"end":{"line":217,"column":43}},"type":"binary-expr","locations":[{"start":{"line":217,"column":20},"end":{"line":217,"column":38}},{"start":{"line":217,"column":42},"end":{"line":217,"column":43}}]},"24":{"loc":{"start":{"line":227,"column":8},"end":{"line":233,"column":9}},"type":"if","locations":[{"start":{"line":227,"column":8},"end":{"line":233,"column":9}}]},"25":{"loc":{"start":{"line":244,"column":24},"end":{"line":244,"column":55}},"type":"binary-expr","locations":[{"start":{"line":244,"column":24},"end":{"line":244,"column":46}},{"start":{"line":244,"column":50},"end":{"line":244,"column":55}}]},"26":{"loc":{"start":{"line":251,"column":20},"end":{"line":251,"column":43}},"type":"binary-expr","locations":[{"start":{"line":251,"column":20},"end":{"line":251,"column":38}},{"start":{"line":251,"column":42},"end":{"line":251,"column":43}}]},"27":{"loc":{"start":{"line":261,"column":8},"end":{"line":267,"column":9}},"type":"if","locations":[{"start":{"line":261,"column":8},"end":{"line":267,"column":9}}]},"28":{"loc":{"start":{"line":274,"column":8},"end":{"line":280,"column":9}},"type":"if","locations":[{"start":{"line":274,"column":8},"end":{"line":280,"column":9}}]},"29":{"loc":{"start":{"line":282,"column":8},"end":{"line":288,"column":9}},"type":"if","locations":[{"start":{"line":282,"column":8},"end":{"line":288,"column":9}}]},"30":{"loc":{"start":{"line":292,"column":12},"end":{"line":294,"column":13}},"type":"if","locations":[{"start":{"line":292,"column":12},"end":{"line":294,"column":13}}]},"31":{"loc":{"start":{"line":305,"column":20},"end":{"line":310,"column":21}},"type":"if","locations":[{"start":{"line":305,"column":20},"end":{"line":310,"column":21}},{"start":{"line":308,"column":27},"end":{"line":310,"column":21}}]},"32":{"loc":{"start":{"line":318,"column":16},"end":{"line":329,"column":17}},"type":"if","locations":[{"start":{"line":318,"column":16},"end":{"line":329,"column":17}}]},"33":{"loc":{"start":{"line":322,"column":24},"end":{"line":327,"column":25}},"type":"if","locations":[{"start":{"line":322,"column":24},"end":{"line":327,"column":25}},{"start":{"line":325,"column":31},"end":{"line":327,"column":25}}]},"34":{"loc":{"start":{"line":347,"column":12},"end":{"line":353,"column":13}},"type":"if","locations":[{"start":{"line":347,"column":12},"end":{"line":353,"column":13}}]},"35":{"loc":{"start":{"line":357,"column":24},"end":{"line":357,"column":55}},"type":"binary-expr","locations":[{"start":{"line":357,"column":24},"end":{"line":357,"column":46}},{"start":{"line":357,"column":50},"end":{"line":357,"column":55}}]},"36":{"loc":{"start":{"line":364,"column":20},"end":{"line":364,"column":43}},"type":"binary-expr","locations":[{"start":{"line":364,"column":20},"end":{"line":364,"column":38}},{"start":{"line":364,"column":42},"end":{"line":364,"column":43}}]},"37":{"loc":{"start":{"line":382,"column":20},"end":{"line":382,"column":43}},"type":"binary-expr","locations":[{"start":{"line":382,"column":20},"end":{"line":382,"column":38}},{"start":{"line":382,"column":42},"end":{"line":382,"column":43}}]},"38":{"loc":{"start":{"line":396,"column":12},"end":{"line":407,"column":13}},"type":"if","locations":[{"start":{"line":396,"column":12},"end":{"line":407,"column":13}}]},"39":{"loc":{"start":{"line":400,"column":20},"end":{"line":405,"column":21}},"type":"if","locations":[{"start":{"line":400,"column":20},"end":{"line":405,"column":21}},{"start":{"line":403,"column":27},"end":{"line":405,"column":21}}]},"40":{"loc":{"start":{"line":416,"column":12},"end":{"line":418,"column":13}},"type":"if","locations":[{"start":{"line":416,"column":12},"end":{"line":418,"column":13}}]},"41":{"loc":{"start":{"line":429,"column":20},"end":{"line":429,"column":43}},"type":"binary-expr","locations":[{"start":{"line":429,"column":20},"end":{"line":429,"column":38}},{"start":{"line":429,"column":42},"end":{"line":429,"column":43}}]}},"s":{"0":6,"1":6,"2":6,"3":6,"4":6,"5":6,"6":6,"7":6,"8":6,"9":6,"10":6,"11":6,"12":6,"13":6,"14":0,"15":0,"16":0,"17":0,"18":0,"19":0,"20":0,"21":0,"22":0,"23":0,"24":0,"25":0,"26":0,"27":0,"28":0,"29":6,"30":0,"31":0,"32":0,"33":0,"34":0,"35":0,"36":0,"37":0,"38":0,"39":0,"40":0,"41":0,"42":0,"43":0,"44":0,"45":0,"46":0,"47":0,"48":0,"49":0,"50":0,"51":0,"52":0,"53":0,"54":0,"55":0,"56":6,"57":0,"58":0,"59":0,"60":0,"61":0,"62":0,"63":0,"64":0,"65":0,"66":0,"67":0,"68":0,"69":0,"70":0,"71":0,"72":6,"73":0,"74":0,"75":0,"76":0,"77":0,"78":0,"79":0,"80":0,"81":0,"82":0,"83":0,"84":0,"85":0,"86":0,"87":0,"88":0,"89":0,"90":0,"91":0,"92":0,"93":0,"94":0,"95":0,"96":0,"97":0,"98":6,"99":0,"100":0,"101":0,"102":0,"103":0,"104":0,"105":0,"106":0,"107":0,"108":0,"109":6,"110":0,"111":0,"112":0,"113":0,"114":0,"115":0,"116":0,"117":0,"118":0,"119":0,"120":0,"121":0,"122":0,"123":0,"124":0,"125":0,"126":0,"127":0,"128":0,"129":0,"130":0,"131":0,"132":0,"133":0,"134":0,"135":0,"136":0,"137":0,"138":0,"139":0,"140":0,"141":0,"142":0,"143":0,"144":0,"145":0,"146":0,"147":0,"148":0,"149":0,"150":0,"151":0,"152":0,"153":0,"154":0,"155":0,"156":0,"157":6,"158":0,"159":0,"160":0,"161":0,"162":0,"163":6,"164":0,"165":0,"166":0,"167":0,"168":0,"169":0,"170":0,"171":0,"172":0,"173":0,"174":0,"175":0,"176":0,"177":0,"178":0,"179":0,"180":0,"181":0,"182":0,"183":6},"f":{"0":0,"1":0,"2":0,"3":0,"4":0,"5":0,"6":0,"7":0,"8":0,"9":0,"10":0,"11":0,"12":0,"13":0,"14":0,"15":0,"16":0,"17":0,"18":0,"19":0,"20":0,"21":0,"22":0,"23":0,"24":0,"25":0,"26":0,"27":0,"28":0,"29":0},"b":{"0":[0],"1":[0,0],"2":[0],"3":[0,0],"4":[0],"5":[0,0],"6":[0,0],"7":[0,0],"8":[0],"9":[0],"10":[0,0],"11":[0,0],"12":[0,0],"13":[0,0],"14":[0,0],"15":[0,0],"16":[0],"17":[0,0],"18":[0,0],"19":[0],"20":[0],"21":[0],"22":[0,0],"23":[0,0],"24":[0],"25":[0,0],"26":[0,0],"27":[0],"28":[0],"29":[0],"30":[0],"31":[0,0],"32":[0],"33":[0,0],"34":[0],"35":[0,0],"36":[0,0],"37":[0,0],"38":[0],"39":[0,0],"40":[0],"41":[0,0]}}
,"/Users/maciejbartynski/Desktop/projekty/bakemania-web-app/server/api/appConfig/router.ts": {"path":"/Users/maciejbartynski/Desktop/projekty/bakemania-web-app/server/api/appConfig/router.ts","statementMap":{"0":{"start":{"line":2,"column":0},"end":{"line":2,"column":53}},"1":{"start":{"line":3,"column":0},"end":{"line":3,"column":73}},"2":{"start":{"line":6,"column":24},"end":{"line":6,"column":40}},"3":{"start":{"line":8,"column":0},"end":{"line":39,"column":3}},"4":{"start":{"line":9,"column":4},"end":{"line":38,"column":5}},"5":{"start":{"line":12,"column":47},"end":{"line":15,"column":10}},"6":{"start":{"line":16,"column":26},"end":{"line":16,"column":39}},"7":{"start":{"line":17,"column":8},"end":{"line":27,"column":9}},"8":{"start":{"line":18,"column":12},"end":{"line":20,"column":33}},"9":{"start":{"line":22,"column":12},"end":{"line":26,"column":19}},"10":{"start":{"line":30,"column":8},"end":{"line":35,"column":15}},"11":{"start":{"line":37,"column":8},"end":{"line":37,"column":14}},"12":{"start":{"line":41,"column":0},"end":{"line":41,"column":31}}},"fnMap":{"0":{"name":"(anonymous_1)","decl":{"start":{"line":8,"column":28},"end":{"line":8,"column":33}},"loc":{"start":{"line":8,"column":81},"end":{"line":39,"column":1}}}},"branchMap":{"0":{"loc":{"start":{"line":17,"column":8},"end":{"line":27,"column":9}},"type":"if","locations":[{"start":{"line":17,"column":8},"end":{"line":27,"column":9}},{"start":{"line":21,"column":15},"end":{"line":27,"column":9}}]}},"s":{"0":6,"1":6,"2":6,"3":6,"4":0,"5":0,"6":0,"7":0,"8":0,"9":0,"10":0,"11":0,"12":6},"f":{"0":0},"b":{"0":[0,0]}}
,"/Users/maciejbartynski/Desktop/projekty/bakemania-web-app/server/api/assistant/router.ts": {"path":"/Users/maciejbartynski/Desktop/projekty/bakemania-web-app/server/api/assistant/router.ts","statementMap":{"0":{"start":{"line":1,"column":0},"end":{"line":1,"column":30}},"1":{"start":{"line":2,"column":0},"end":{"line":2,"column":36}},"2":{"start":{"line":3,"column":0},"end":{"line":3,"column":54}},"3":{"start":{"line":4,"column":0},"end":{"line":4,"column":65}},"4":{"start":{"line":5,"column":0},"end":{"line":5,"column":87}},"5":{"start":{"line":6,"column":0},"end":{"line":6,"column":45}},"6":{"start":{"line":7,"column":0},"end":{"line":7,"column":71}},"7":{"start":{"line":9,"column":0},"end":{"line":9,"column":46}},"8":{"start":{"line":11,"column":0},"end":{"line":11,"column":67}},"9":{"start":{"line":14,"column":24},"end":{"line":14,"column":40}},"10":{"start":{"line":16,"column":0},"end":{"line":116,"column":3}},"11":{"start":{"line":17,"column":4},"end":{"line":115,"column":null}},"12":{"start":{"line":23,"column":12},"end":{"line":23,"column":null}},"13":{"start":{"line":30,"column":8},"end":{"line":35,"column":9}},"14":{"start":{"line":31,"column":12},"end":{"line":33,"column":15}},"15":{"start":{"line":34,"column":12},"end":{"line":34,"column":19}},"16":{"start":{"line":37,"column":8},"end":{"line":42,"column":9}},"17":{"start":{"line":38,"column":12},"end":{"line":40,"column":15}},"18":{"start":{"line":41,"column":12},"end":{"line":41,"column":19}},"19":{"start":{"line":44,"column":8},"end":{"line":47,"column":9}},"20":{"start":{"line":45,"column":12},"end":{"line":45,"column":79}},"21":{"start":{"line":46,"column":12},"end":{"line":46,"column":19}},"22":{"start":{"line":49,"column":8},"end":{"line":52,"column":9}},"23":{"start":{"line":50,"column":12},"end":{"line":50,"column":81}},"24":{"start":{"line":51,"column":12},"end":{"line":51,"column":19}},"25":{"start":{"line":54,"column":8},"end":{"line":57,"column":9}},"26":{"start":{"line":55,"column":12},"end":{"line":55,"column":110}},"27":{"start":{"line":56,"column":12},"end":{"line":56,"column":19}},"28":{"start":{"line":59,"column":21},"end":{"line":59,"column":61}},"29":{"start":{"line":61,"column":8},"end":{"line":64,"column":9}},"30":{"start":{"line":62,"column":12},"end":{"line":62,"column":74}},"31":{"start":{"line":63,"column":12},"end":{"line":63,"column":19}},"32":{"start":{"line":66,"column":8},"end":{"line":69,"column":9}},"33":{"start":{"line":67,"column":12},"end":{"line":67,"column":77}},"34":{"start":{"line":68,"column":12},"end":{"line":68,"column":19}},"35":{"start":{"line":71,"column":8},"end":{"line":83,"column":9}},"36":{"start":{"line":72,"column":12},"end":{"line":82,"column":13}},"37":{"start":{"line":73,"column":16},"end":{"line":75,"column":19}},"38":{"start":{"line":76,"column":16},"end":{"line":76,"column":23}},"39":{"start":{"line":78,"column":16},"end":{"line":80,"column":19}},"40":{"start":{"line":81,"column":16},"end":{"line":81,"column":23}},"41":{"start":{"line":85,"column":26},"end":{"line":85,"column":76}},"42":{"start":{"line":87,"column":8},"end":{"line":90,"column":9}},"43":{"start":{"line":88,"column":12},"end":{"line":88,"column":79}},"44":{"start":{"line":89,"column":12},"end":{"line":89,"column":19}},"45":{"start":{"line":92,"column":29},"end":{"line":92,"column":99}},"46":{"start":{"line":94,"column":8},"end":{"line":102,"column":9}},"47":{"start":{"line":95,"column":12},"end":{"line":97,"column":15}},"48":{"start":{"line":98,"column":32},"end":{"line":98,"column":74}},"49":{"start":{"line":99,"column":12},"end":{"line":99,"column":46}},"50":{"start":{"line":100,"column":12},"end":{"line":100,"column":46}},"51":{"start":{"line":101,"column":12},"end":{"line":101,"column":19}},"52":{"start":{"line":104,"column":8},"end":{"line":106,"column":11}},"53":{"start":{"line":107,"column":8},"end":{"line":107,"column":15}},"54":{"start":{"line":110,"column":8},"end":{"line":113,"column":11}},"55":{"start":{"line":114,"column":8},"end":{"line":114,"column":15}},"56":{"start":{"line":118,"column":0},"end":{"line":192,"column":3}},"57":{"start":{"line":119,"column":4},"end":{"line":191,"column":null}},"58":{"start":{"line":124,"column":12},"end":{"line":124,"column":null}},"59":{"start":{"line":130,"column":8},"end":{"line":135,"column":9}},"60":{"start":{"line":131,"column":12},"end":{"line":133,"column":15}},"61":{"start":{"line":134,"column":12},"end":{"line":134,"column":19}},"62":{"start":{"line":137,"column":8},"end":{"line":142,"column":9}},"63":{"start":{"line":138,"column":12},"end":{"line":140,"column":15}},"64":{"start":{"line":141,"column":12},"end":{"line":141,"column":19}},"65":{"start":{"line":144,"column":8},"end":{"line":147,"column":9}},"66":{"start":{"line":145,"column":12},"end":{"line":145,"column":79}},"67":{"start":{"line":146,"column":12},"end":{"line":146,"column":19}},"68":{"start":{"line":149,"column":8},"end":{"line":152,"column":9}},"69":{"start":{"line":150,"column":12},"end":{"line":150,"column":110}},"70":{"start":{"line":151,"column":12},"end":{"line":151,"column":19}},"71":{"start":{"line":154,"column":21},"end":{"line":154,"column":61}},"72":{"start":{"line":156,"column":8},"end":{"line":159,"column":9}},"73":{"start":{"line":157,"column":12},"end":{"line":157,"column":74}},"74":{"start":{"line":158,"column":12},"end":{"line":158,"column":19}},"75":{"start":{"line":161,"column":26},"end":{"line":161,"column":76}},"76":{"start":{"line":163,"column":8},"end":{"line":166,"column":9}},"77":{"start":{"line":164,"column":12},"end":{"line":164,"column":79}},"78":{"start":{"line":165,"column":12},"end":{"line":165,"column":19}},"79":{"start":{"line":168,"column":29},"end":{"line":168,"column":99}},"80":{"start":{"line":170,"column":8},"end":{"line":178,"column":9}},"81":{"start":{"line":171,"column":12},"end":{"line":173,"column":15}},"82":{"start":{"line":174,"column":32},"end":{"line":174,"column":74}},"83":{"start":{"line":175,"column":12},"end":{"line":175,"column":46}},"84":{"start":{"line":176,"column":12},"end":{"line":176,"column":46}},"85":{"start":{"line":177,"column":12},"end":{"line":177,"column":19}},"86":{"start":{"line":180,"column":8},"end":{"line":182,"column":11}},"87":{"start":{"line":183,"column":8},"end":{"line":183,"column":15}},"88":{"start":{"line":186,"column":8},"end":{"line":189,"column":11}},"89":{"start":{"line":190,"column":8},"end":{"line":190,"column":15}},"90":{"start":{"line":194,"column":0},"end":{"line":227,"column":null}},"91":{"start":{"line":195,"column":4},"end":{"line":226,"column":7}},"92":{"start":{"line":196,"column":23},"end":{"line":196,"column":40}},"93":{"start":{"line":197,"column":21},"end":{"line":197,"column":61}},"94":{"start":{"line":199,"column":8},"end":{"line":216,"column":9}},"95":{"start":{"line":200,"column":12},"end":{"line":204,"column":19}},"96":{"start":{"line":205,"column":12},"end":{"line":205,"column":19}},"97":{"start":{"line":207,"column":12},"end":{"line":214,"column":19}},"98":{"start":{"line":215,"column":12},"end":{"line":215,"column":19}},"99":{"start":{"line":219,"column":8},"end":{"line":224,"column":15}},"100":{"start":{"line":225,"column":8},"end":{"line":225,"column":15}},"101":{"start":{"line":229,"column":0},"end":{"line":253,"column":3}},"102":{"start":{"line":230,"column":4},"end":{"line":252,"column":7}},"103":{"start":{"line":231,"column":23},"end":{"line":231,"column":43}},"104":{"start":{"line":232,"column":33},"end":{"line":232,"column":81}},"105":{"start":{"line":233,"column":8},"end":{"line":243,"column":9}},"106":{"start":{"line":234,"column":12},"end":{"line":236,"column":63}},"107":{"start":{"line":237,"column":12},"end":{"line":237,"column":19}},"108":{"start":{"line":239,"column":12},"end":{"line":241,"column":40}},"109":{"start":{"line":242,"column":12},"end":{"line":242,"column":19}},"110":{"start":{"line":245,"column":8},"end":{"line":250,"column":15}},"111":{"start":{"line":251,"column":8},"end":{"line":251,"column":15}},"112":{"start":{"line":255,"column":0},"end":{"line":310,"column":3}},"113":{"start":{"line":256,"column":4},"end":{"line":309,"column":7}},"114":{"start":{"line":257,"column":22},"end":{"line":257,"column":47}},"115":{"start":{"line":258,"column":21},"end":{"line":258,"column":45}},"116":{"start":{"line":259,"column":21},"end":{"line":259,"column":45}},"117":{"start":{"line":260,"column":27},"end":{"line":260,"column":46}},"118":{"start":{"line":261,"column":25},"end":{"line":261,"column":45}},"119":{"start":{"line":263,"column":8},"end":{"line":266,"column":9}},"120":{"start":{"line":264,"column":12},"end":{"line":264,"column":90}},"121":{"start":{"line":265,"column":12},"end":{"line":265,"column":19}},"122":{"start":{"line":268,"column":8},"end":{"line":303,"column":9}},"123":{"start":{"line":269,"column":35},"end":{"line":284,"column":18}},"124":{"start":{"line":272,"column":47},"end":{"line":272,"column":59}},"125":{"start":{"line":273,"column":81},"end":{"line":273,"column":83}},"126":{"start":{"line":274,"column":28},"end":{"line":274,"column":29}},"127":{"start":{"line":275,"column":20},"end":{"line":279,"column":21}},"128":{"start":{"line":276,"column":46},"end":{"line":276,"column":119}},"129":{"start":{"line":277,"column":24},"end":{"line":277,"column":61}},"130":{"start":{"line":278,"column":24},"end":{"line":278,"column":28}},"131":{"start":{"line":280,"column":20},"end":{"line":283,"column":22}},"132":{"start":{"line":285,"column":12},"end":{"line":288,"column":15}},"133":{"start":{"line":290,"column":35},"end":{"line":290,"column":110}},"134":{"start":{"line":291,"column":40},"end":{"line":291,"column":109}},"135":{"start":{"line":291,"column":73},"end":{"line":291,"column":108}},"136":{"start":{"line":293,"column":31},"end":{"line":293,"column":102}},"137":{"start":{"line":294,"column":40},"end":{"line":294,"column":105}},"138":{"start":{"line":294,"column":69},"end":{"line":294,"column":104}},"139":{"start":{"line":295,"column":12},"end":{"line":302,"column":15}},"140":{"start":{"line":305,"column":8},"end":{"line":308,"column":11}},"141":{"start":{"line":312,"column":0},"end":{"line":376,"column":3}},"142":{"start":{"line":313,"column":4},"end":{"line":375,"column":7}},"143":{"start":{"line":314,"column":26},"end":{"line":314,"column":46}},"144":{"start":{"line":315,"column":24},"end":{"line":315,"column":73}},"145":{"start":{"line":316,"column":8},"end":{"line":321,"column":9}},"146":{"start":{"line":317,"column":12},"end":{"line":319,"column":98}},"147":{"start":{"line":320,"column":12},"end":{"line":320,"column":19}},"148":{"start":{"line":323,"column":8},"end":{"line":328,"column":9}},"149":{"start":{"line":324,"column":12},"end":{"line":326,"column":106}},"150":{"start":{"line":327,"column":12},"end":{"line":327,"column":19}},"151":{"start":{"line":330,"column":38},"end":{"line":330,"column":82}},"152":{"start":{"line":331,"column":8},"end":{"line":336,"column":9}},"153":{"start":{"line":332,"column":12},"end":{"line":334,"column":120}},"154":{"start":{"line":335,"column":12},"end":{"line":335,"column":19}},"155":{"start":{"line":338,"column":30},"end":{"line":351,"column":10}},"156":{"start":{"line":353,"column":8},"end":{"line":358,"column":9}},"157":{"start":{"line":354,"column":12},"end":{"line":356,"column":93}},"158":{"start":{"line":357,"column":12},"end":{"line":357,"column":19}},"159":{"start":{"line":360,"column":8},"end":{"line":365,"column":15}},"160":{"start":{"line":366,"column":8},"end":{"line":366,"column":15}},"161":{"start":{"line":368,"column":8},"end":{"line":373,"column":15}},"162":{"start":{"line":374,"column":8},"end":{"line":374,"column":15}},"163":{"start":{"line":378,"column":0},"end":{"line":378,"column":31}}},"fnMap":{"0":{"name":"(anonymous_1)","decl":{"start":{"line":16,"column":39},"end":{"line":16,"column":44}},"loc":{"start":{"line":16,"column":58},"end":{"line":116,"column":1}}},"1":{"name":"(anonymous_2)","decl":{"start":{"line":17,"column":57},"end":{"line":17,"column":62}},"loc":{"start":{"line":17,"column":68},"end":{"line":109,"column":5}}},"2":{"name":"(anonymous_3)","decl":{"start":{"line":109,"column":7},"end":{"line":109,"column":8}},"loc":{"start":{"line":109,"column":13},"end":{"line":115,"column":5}}},"3":{"name":"(anonymous_4)","decl":{"start":{"line":118,"column":45},"end":{"line":118,"column":50}},"loc":{"start":{"line":118,"column":64},"end":{"line":192,"column":1}}},"4":{"name":"(anonymous_5)","decl":{"start":{"line":119,"column":57},"end":{"line":119,"column":62}},"loc":{"start":{"line":119,"column":68},"end":{"line":185,"column":5}}},"5":{"name":"(anonymous_6)","decl":{"start":{"line":185,"column":7},"end":{"line":185,"column":8}},"loc":{"start":{"line":185,"column":13},"end":{"line":191,"column":5}}},"6":{"name":"(anonymous_7)","decl":{"start":{"line":194,"column":47},"end":{"line":194,"column":52}},"loc":{"start":{"line":194,"column":66},"end":{"line":227,"column":1}}},"7":{"name":"(anonymous_8)","decl":{"start":{"line":195,"column":67},"end":{"line":195,"column":72}},"loc":{"start":{"line":195,"column":78},"end":{"line":218,"column":5}}},"8":{"name":"(anonymous_9)","decl":{"start":{"line":218,"column":7},"end":{"line":218,"column":8}},"loc":{"start":{"line":218,"column":13},"end":{"line":226,"column":5}}},"9":{"name":"(anonymous_10)","decl":{"start":{"line":229,"column":64},"end":{"line":229,"column":69}},"loc":{"start":{"line":229,"column":83},"end":{"line":253,"column":1}}},"10":{"name":"(anonymous_11)","decl":{"start":{"line":230,"column":51},"end":{"line":230,"column":56}},"loc":{"start":{"line":230,"column":62},"end":{"line":244,"column":5}}},"11":{"name":"(anonymous_12)","decl":{"start":{"line":244,"column":7},"end":{"line":244,"column":8}},"loc":{"start":{"line":244,"column":13},"end":{"line":252,"column":5}}},"12":{"name":"(anonymous_13)","decl":{"start":{"line":255,"column":53},"end":{"line":255,"column":58}},"loc":{"start":{"line":255,"column":72},"end":{"line":310,"column":1}}},"13":{"name":"(anonymous_14)","decl":{"start":{"line":256,"column":51},"end":{"line":256,"column":56}},"loc":{"start":{"line":256,"column":62},"end":{"line":304,"column":5}}},"14":{"name":"(anonymous_15)","decl":{"start":{"line":271,"column":22},"end":{"line":271,"column":23}},"loc":{"start":{"line":271,"column":39},"end":{"line":284,"column":17}}},"15":{"name":"(anonymous_16)","decl":{"start":{"line":291,"column":65},"end":{"line":291,"column":69}},"loc":{"start":{"line":291,"column":73},"end":{"line":291,"column":108}}},"16":{"name":"(anonymous_17)","decl":{"start":{"line":294,"column":61},"end":{"line":294,"column":65}},"loc":{"start":{"line":294,"column":69},"end":{"line":294,"column":104}}},"17":{"name":"(anonymous_18)","decl":{"start":{"line":304,"column":7},"end":{"line":304,"column":8}},"loc":{"start":{"line":304,"column":13},"end":{"line":309,"column":5}}},"18":{"name":"(anonymous_19)","decl":{"start":{"line":312,"column":70},"end":{"line":312,"column":75}},"loc":{"start":{"line":312,"column":89},"end":{"line":376,"column":1}}},"19":{"name":"(anonymous_20)","decl":{"start":{"line":313,"column":61},"end":{"line":313,"column":66}},"loc":{"start":{"line":313,"column":72},"end":{"line":367,"column":5}}},"20":{"name":"(anonymous_21)","decl":{"start":{"line":367,"column":7},"end":{"line":367,"column":8}},"loc":{"start":{"line":367,"column":13},"end":{"line":375,"column":5}}}},"branchMap":{"0":{"loc":{"start":{"line":30,"column":8},"end":{"line":35,"column":9}},"type":"if","locations":[{"start":{"line":30,"column":8},"end":{"line":35,"column":9}}]},"1":{"loc":{"start":{"line":37,"column":8},"end":{"line":42,"column":9}},"type":"if","locations":[{"start":{"line":37,"column":8},"end":{"line":42,"column":9}}]},"2":{"loc":{"start":{"line":37,"column":12},"end":{"line":37,"column":71}},"type":"binary-expr","locations":[{"start":{"line":37,"column":12},"end":{"line":37,"column":38}},{"start":{"line":37,"column":42},"end":{"line":37,"column":71}}]},"3":{"loc":{"start":{"line":44,"column":8},"end":{"line":47,"column":9}},"type":"if","locations":[{"start":{"line":44,"column":8},"end":{"line":47,"column":9}}]},"4":{"loc":{"start":{"line":49,"column":8},"end":{"line":52,"column":9}},"type":"if","locations":[{"start":{"line":49,"column":8},"end":{"line":52,"column":9}}]},"5":{"loc":{"start":{"line":54,"column":8},"end":{"line":57,"column":9}},"type":"if","locations":[{"start":{"line":54,"column":8},"end":{"line":57,"column":9}}]},"6":{"loc":{"start":{"line":61,"column":8},"end":{"line":64,"column":9}},"type":"if","locations":[{"start":{"line":61,"column":8},"end":{"line":64,"column":9}}]},"7":{"loc":{"start":{"line":66,"column":8},"end":{"line":69,"column":9}},"type":"if","locations":[{"start":{"line":66,"column":8},"end":{"line":69,"column":9}}]},"8":{"loc":{"start":{"line":71,"column":8},"end":{"line":83,"column":9}},"type":"if","locations":[{"start":{"line":71,"column":8},"end":{"line":83,"column":9}}]},"9":{"loc":{"start":{"line":72,"column":12},"end":{"line":82,"column":13}},"type":"if","locations":[{"start":{"line":72,"column":12},"end":{"line":82,"column":13}},{"start":{"line":77,"column":19},"end":{"line":82,"column":13}}]},"10":{"loc":{"start":{"line":87,"column":8},"end":{"line":90,"column":9}},"type":"if","locations":[{"start":{"line":87,"column":8},"end":{"line":90,"column":9}}]},"11":{"loc":{"start":{"line":94,"column":8},"end":{"line":102,"column":9}},"type":"if","locations":[{"start":{"line":94,"column":8},"end":{"line":102,"column":9}}]},"12":{"loc":{"start":{"line":96,"column":42},"end":{"line":96,"column":77}},"type":"binary-expr","locations":[{"start":{"line":96,"column":42},"end":{"line":96,"column":71}},{"start":{"line":96,"column":75},"end":{"line":96,"column":77}}]},"13":{"loc":{"start":{"line":112,"column":37},"end":{"line":112,"column":60}},"type":"binary-expr","locations":[{"start":{"line":112,"column":37},"end":{"line":112,"column":55}},{"start":{"line":112,"column":59},"end":{"line":112,"column":60}}]},"14":{"loc":{"start":{"line":130,"column":8},"end":{"line":135,"column":9}},"type":"if","locations":[{"start":{"line":130,"column":8},"end":{"line":135,"column":9}}]},"15":{"loc":{"start":{"line":137,"column":8},"end":{"line":142,"column":9}},"type":"if","locations":[{"start":{"line":137,"column":8},"end":{"line":142,"column":9}}]},"16":{"loc":{"start":{"line":137,"column":12},"end":{"line":137,"column":71}},"type":"binary-expr","locations":[{"start":{"line":137,"column":12},"end":{"line":137,"column":38}},{"start":{"line":137,"column":42},"end":{"line":137,"column":71}}]},"17":{"loc":{"start":{"line":144,"column":8},"end":{"line":147,"column":9}},"type":"if","locations":[{"start":{"line":144,"column":8},"end":{"line":147,"column":9}}]},"18":{"loc":{"start":{"line":149,"column":8},"end":{"line":152,"column":9}},"type":"if","locations":[{"start":{"line":149,"column":8},"end":{"line":152,"column":9}}]},"19":{"loc":{"start":{"line":156,"column":8},"end":{"line":159,"column":9}},"type":"if","locations":[{"start":{"line":156,"column":8},"end":{"line":159,"column":9}}]},"20":{"loc":{"start":{"line":163,"column":8},"end":{"line":166,"column":9}},"type":"if","locations":[{"start":{"line":163,"column":8},"end":{"line":166,"column":9}}]},"21":{"loc":{"start":{"line":170,"column":8},"end":{"line":178,"column":9}},"type":"if","locations":[{"start":{"line":170,"column":8},"end":{"line":178,"column":9}}]},"22":{"loc":{"start":{"line":172,"column":42},"end":{"line":172,"column":77}},"type":"binary-expr","locations":[{"start":{"line":172,"column":42},"end":{"line":172,"column":71}},{"start":{"line":172,"column":75},"end":{"line":172,"column":77}}]},"23":{"loc":{"start":{"line":188,"column":37},"end":{"line":188,"column":60}},"type":"binary-expr","locations":[{"start":{"line":188,"column":37},"end":{"line":188,"column":55}},{"start":{"line":188,"column":59},"end":{"line":188,"column":60}}]},"24":{"loc":{"start":{"line":199,"column":8},"end":{"line":216,"column":9}},"type":"if","locations":[{"start":{"line":199,"column":8},"end":{"line":216,"column":9}},{"start":{"line":206,"column":15},"end":{"line":216,"column":9}}]},"25":{"loc":{"start":{"line":233,"column":8},"end":{"line":243,"column":9}},"type":"if","locations":[{"start":{"line":233,"column":8},"end":{"line":243,"column":9}},{"start":{"line":238,"column":15},"end":{"line":243,"column":9}}]},"26":{"loc":{"start":{"line":249,"column":26},"end":{"line":249,"column":49}},"type":"binary-expr","locations":[{"start":{"line":249,"column":26},"end":{"line":249,"column":44}},{"start":{"line":249,"column":48},"end":{"line":249,"column":49}}]},"27":{"loc":{"start":{"line":260,"column":27},"end":{"line":260,"column":46}},"type":"binary-expr","locations":[{"start":{"line":260,"column":27},"end":{"line":260,"column":41}},{"start":{"line":260,"column":45},"end":{"line":260,"column":46}}]},"28":{"loc":{"start":{"line":261,"column":25},"end":{"line":261,"column":45}},"type":"binary-expr","locations":[{"start":{"line":261,"column":25},"end":{"line":261,"column":39}},{"start":{"line":261,"column":43},"end":{"line":261,"column":45}}]},"29":{"loc":{"start":{"line":263,"column":8},"end":{"line":266,"column":9}},"type":"if","locations":[{"start":{"line":263,"column":8},"end":{"line":266,"column":9}}]},"30":{"loc":{"start":{"line":263,"column":12},"end":{"line":263,"column":74}},"type":"binary-expr","locations":[{"start":{"line":263,"column":12},"end":{"line":263,"column":42}},{"start":{"line":263,"column":46},"end":{"line":263,"column":74}}]},"31":{"loc":{"start":{"line":268,"column":8},"end":{"line":303,"column":9}},"type":"if","locations":[{"start":{"line":268,"column":8},"end":{"line":303,"column":9}},{"start":{"line":289,"column":15},"end":{"line":303,"column":9}}]},"32":{"loc":{"start":{"line":268,"column":12},"end":{"line":268,"column":46}},"type":"binary-expr","locations":[{"start":{"line":268,"column":12},"end":{"line":268,"column":17}},{"start":{"line":268,"column":21},"end":{"line":268,"column":46}}]},"33":{"loc":{"start":{"line":307,"column":22},"end":{"line":307,"column":45}},"type":"binary-expr","locations":[{"start":{"line":307,"column":22},"end":{"line":307,"column":40}},{"start":{"line":307,"column":44},"end":{"line":307,"column":45}}]},"34":{"loc":{"start":{"line":316,"column":8},"end":{"line":321,"column":9}},"type":"if","locations":[{"start":{"line":316,"column":
[...]
,"/Users/maciejbartynski/Desktop/projekty/bakemania-web-app/server/services/DbService/instances/AppConfigDb.ts": {"path":"/Users/maciejbartynski/Desktop/projekty/bakemania-web-app/server/services/DbService/instances/AppConfigDb.ts","statementMap":{"0":{"start":{"line":1,"column":0},"end":{"line":1,"column":35}},"1":{"start":{"line":2,"column":0},"end":{"line":2,"column":42}},"2":{"start":{"line":6,"column":20},"end":{"line":6,"column":68}},"3":{"start":{"line":7,"column":0},"end":{"line":7,"column":52}},"4":{"start":{"line":9,"column":0},"end":{"line":9,"column":27}}},"fnMap":{},"branchMap":{},"s":{"0":6,"1":6,"2":6,"3":6,"4":6},"f":{},"b":{}}
,"/Users/maciejbartynski/Desktop/projekty/bakemania-web-app/server/services/DbService/instances/ManagersDb.ts": {"path":"/Users/maciejbartynski/Desktop/projekty/bakemania-web-app/server/services/DbService/instances/ManagersDb.ts","statementMap":{"0":{"start":{"line":2,"column":0},"end":{"line":2,"column":36}},"1":{"start":{"line":3,"column":0},"end":{"line":3,"column":37}},"2":{"start":{"line":4,"column":0},"end":{"line":4,"column":35}},"3":{"start":{"line":9,"column":8},"end":{"line":23,"column":11}},"4":{"start":{"line":10,"column":28},"end":{"line":10,"column":71}},"5":{"start":{"line":11,"column":12},"end":{"line":22,"column":13}},"6":{"start":{"line":12,"column":61},"end":{"line":19,"column":null}},"7":{"start":{"line":21,"column":16},"end":{"line":21,"column":37}},"8":{"start":{"line":27,"column":8},"end":{"line":44,"column":11}},"9":{"start":{"line":28,"column":28},"end":{"line":28,"column":71}},"10":{"start":{"line":29,"column":12},"end":{"line":43,"column":13}},"11":{"start":{"line":30,"column":39},"end":{"line":30,"column":66}},"12":{"start":{"line":31,"column":56},"end":{"line":31,"column":58}},"13":{"start":{"line":32,"column":16},"end":{"line":36,"column":17}},"14":{"start":{"line":33,"column":20},"end":{"line":33,"column":81}},"15":{"start":{"line":35,"column":20},"end":{"line":35,"column":68}},"16":{"start":{"line":37,"column":34},"end":{"line":39,"column":18}},"17":{"start":{"line":40,"column":16},"end":{"line":42,"column":17}},"18":{"start":{"line":41,"column":20},"end":{"line":41,"column":null}},"19":{"start":{"line":7,"column":0},"end":{"line":7,"column":13}},"20":{"start":{"line":48,"column":19},"end":{"line":48,"column":65}},"21":{"start":{"line":50,"column":0},"end":{"line":50,"column":26}}},"fnMap":{"0":{"name":"(anonymous_1)","decl":{"start":{"line":8,"column":4},"end":{"line":8,"column":9}},"loc":{"start":{"line":8,"column":51},"end":{"line":24,"column":5}}},"1":{"name":"(anonymous_2)","decl":{"start":{"line":9,"column":93},"end":{"line":9,"column":98}},"loc":{"start":{"line":9,"column":104},"end":{"line":23,"column":9}}},"2":{"name":"(anonymous_3)","decl":{"start":{"line":26,"column":4},"end":{"line":26,"column":9}},"loc":{"start":{"line":26,"column":86},"end":{"line":45,"column":5}}},"3":{"name":"(anonymous_4)","decl":{"start":{"line":27,"column":97},"end":{"line":27,"column":102}},"loc":{"start":{"line":27,"column":108},"end":{"line":44,"column":9}}}},"branchMap":{"0":{"loc":{"start":{"line":11,"column":12},"end":{"line":22,"column":13}},"type":"if","locations":[{"start":{"line":11,"column":12},"end":{"line":22,"column":13}}]},"1":{"loc":{"start":{"line":29,"column":12},"end":{"line":43,"column":13}},"type":"if","locations":[{"start":{"line":29,"column":12},"end":{"line":43,"column":13}}]},"2":{"loc":{"start":{"line":32,"column":16},"end":{"line":36,"column":17}},"type":"if","locations":[{"start":{"line":32,"column":16},"end":{"line":36,"column":17}},{"start":{"line":34,"column":23},"end":{"line":36,"column":17}}]},"3":{"loc":{"start":{"line":40,"column":16},"end":{"line":42,"column":17}},"type":"if","locations":[{"start":{"line":40,"column":16},"end":{"line":42,"column":17}}]}},"s":{"0":6,"1":6,"2":6,"3":0,"4":0,"5":0,"6":0,"7":0,"8":0,"9":0,"10":0,"11":0,"12":0,"13":0,"14":0,"15":0,"16":0,"17":0,"18":0,"19":6,"20":6,"21":6},"f":{"0":0,"1":0,"2":0,"3":0},"b":{"0":[0],"1":[0],"2":[0,0],"3":[0]}}
,"/Users/maciejbartynski/Desktop/projekty/bakemania-web-app/server/services/DbService/instances/UsersDb.ts": {"path":"/Users/maciejbartynski/Desktop/projekty/bakemania-web-app/server/services/DbService/instances/UsersDb.ts","statementMap":{"0":{"start":{"line":2,"column":0},"end":{"line":2,"column":36}},"1":{"start":{"line":3,"column":0},"end":{"line":3,"column":37}},"2":{"start":{"line":4,"column":0},"end":{"line":4,"column":35}},"3":{"start":{"line":5,"column":0},"end":{"line":5,"column":29}},"4":{"start":{"line":9,"column":8},"end":{"line":26,"column":11}},"5":{"start":{"line":10,"column":25},"end":{"line":10,"column":58}},"6":{"start":{"line":11,"column":12},"end":{"line":25,"column":13}},"7":{"start":{"line":12,"column":58},"end":{"line":22,"column":null}},"8":{"start":{"line":24,"column":16},"end":{"line":24,"column":37}},"9":{"start":{"line":30,"column":8},"end":{"line":52,"column":11}},"10":{"start":{"line":31,"column":12},"end":{"line":51,"column":13}},"11":{"start":{"line":32,"column":34},"end":{"line":32,"column":71}},"12":{"start":{"line":33,"column":16},"end":{"line":50,"column":17}},"13":{"start":{"line":34,"column":33},"end":{"line":34,"column":73}},"14":{"start":{"line":35,"column":20},"end":{"line":48,"column":21}},"15":{"start":{"line":36,"column":68},"end":{"line":43,"column":26}},"16":{"start":{"line":44,"column":38},"end":{"line":44,"column":92}},"17":{"start":{"line":45,"column":24},"end":{"line":47,"column":25}},"18":{"start":{"line":46,"column":28},"end":{"line":46,"column":41}},"19":{"start":{"line":49,"column":20},"end":{"line":49,"column":32}},"20":{"start":{"line":56,"column":8},"end":{"line":71,"column":11}},"21":{"start":{"line":57,"column":25},"end":{"line":57,"column":62}},"22":{"start":{"line":58,"column":12},"end":{"line":70,"column":13}},"23":{"start":{"line":59,"column":38},"end":{"line":59,"column":56}},"24":{"start":{"line":60,"column":34},"end":{"line":60,"column":52}},"25":{"start":{"line":61,"column":16},"end":{"line":69,"column":17}},"26":{"start":{"line":62,"column":38},"end":{"line":67,"column":22}},"27":{"start":{"line":68,"column":20},"end":{"line":68,"column":37}},"28":{"start":{"line":75,"column":8},"end":{"line":96,"column":11}},"29":{"start":{"line":76,"column":25},"end":{"line":76,"column":62}},"30":{"start":{"line":77,"column":12},"end":{"line":95,"column":13}},"31":{"start":{"line":78,"column":39},"end":{"line":78,"column":64}},"32":{"start":{"line":79,"column":56},"end":{"line":79,"column":58}},"33":{"start":{"line":80,"column":16},"end":{"line":84,"column":17}},"34":{"start":{"line":81,"column":20},"end":{"line":81,"column":74}},"35":{"start":{"line":83,"column":20},"end":{"line":83,"column":61}},"36":{"start":{"line":85,"column":34},"end":{"line":90,"column":18}},"37":{"start":{"line":92,"column":16},"end":{"line":94,"column":17}},"38":{"start":{"line":93,"column":20},"end":{"line":93,"column":null}},"39":{"start":{"line":100,"column":16},"end":{"line":100,"column":56}},"40":{"start":{"line":102,"column":0},"end":{"line":102,"column":23}}},"fnMap":{"0":{"name":"(anonymous_10)","decl":{"start":{"line":8,"column":4},"end":{"line":8,"column":9}},"loc":{"start":{"line":8,"column":41},"end":{"line":27,"column":5}}},"1":{"name":"(anonymous_11)","decl":{"start":{"line":9,"column":90},"end":{"line":9,"column":95}},"loc":{"start":{"line":9,"column":101},"end":{"line":26,"column":9}}},"2":{"name":"(anonymous_12)","decl":{"start":{"line":29,"column":4},"end":{"line":29,"column":9}},"loc":{"start":{"line":29,"column":85},"end":{"line":53,"column":5}}},"3":{"name":"(anonymous_13)","decl":{"start":{"line":30,"column":97},"end":{"line":30,"column":102}},"loc":{"start":{"line":30,"column":108},"end":{"line":52,"column":9}}},"4":{"name":"(anonymous_14)","decl":{"start":{"line":55,"column":4},"end":{"line":55,"column":9}},"loc":{"start":{"line":55,"column":51},"end":{"line":72,"column":5}}},"5":{"name":"(anonymous_15)","decl":{"start":{"line":56,"column":84},"end":{"line":56,"column":89}},"loc":{"start":{"line":56,"column":95},"end":{"line":71,"column":9}}},"6":{"name":"(anonymous_16)","decl":{"start":{"line":74,"column":4},"end":{"line":74,"column":9}},"loc":{"start":{"line":74,"column":67},"end":{"line":97,"column":5}}},"7":{"name":"(anonymous_17)","decl":{"start":{"line":75,"column":76},"end":{"line":75,"column":81}},"loc":{"start":{"line":75,"column":87},"end":{"line":96,"column":9}}}},"branchMap":{"0":{"loc":{"start":{"line":11,"column":12},"end":{"line":25,"column":13}},"type":"if","locations":[{"start":{"line":11,"column":12},"end":{"line":25,"column":13}}]},"1":{"loc":{"start":{"line":31,"column":12},"end":{"line":51,"column":13}},"type":"if","locations":[{"start":{"line":31,"column":12},"end":{"line":51,"column":13}}]},"2":{"loc":{"start":{"line":31,"column":16},"end":{"line":31,"column":63}},"type":"binary-expr","locations":[{"start":{"line":31,"column":16},"end":{"line":31,"column":38}},{"start":{"line":31,"column":42},"end":{"line":31,"column":63}}]},"3":{"loc":{"start":{"line":33,"column":16},"end":{"line":50,"column":17}},"type":"if","locations":[{"start":{"line":33,"column":16},"end":{"line":50,"column":17}}]},"4":{"loc":{"start":{"line":35,"column":20},"end":{"line":48,"column":21}},"type":"if","locations":[{"start":{"line":35,"column":20},"end":{"line":48,"column":21}}]},"5":{"loc":{"start":{"line":45,"column":24},"end":{"line":47,"column":25}},"type":"if","locations":[{"start":{"line":45,"column":24},"end":{"line":47,"column":25}}]},"6":{"loc":{"start":{"line":58,"column":12},"end":{"line":70,"column":13}},"type":"if","locations":[{"start":{"line":58,"column":12},"end":{"line":70,"column":13}}]},"7":{"loc":{"start":{"line":61,"column":16},"end":{"line":69,"column":17}},"type":"if","locations":[{"start":{"line":61,"column":16},"end":{"line":69,"column":17}}]},"8":{"loc":{"start":{"line":61,"column":20},"end":{"line":61,"column":73}},"type":"binary-expr","locations":[{"start":{"line":61,"column":20},"end":{"line":61,"column":34}},{"start":{"line":61,"column":38},"end":{"line":61,"column":73}}]},"9":{"loc":{"start":{"line":77,"column":12},"end":{"line":95,"column":13}},"type":"if","locations":[{"start":{"line":77,"column":12},"end":{"line":95,"column":13}}]},"10":{"loc":{"start":{"line":78,"column":39},"end":{"line":78,"column":64}},"type":"binary-expr","locations":[{"start":{"line":78,"column":39},"end":{"line":78,"column":58}},{"start":{"line":78,"column":62},"end":{"line":78,"column":64}}]},"11":{"loc":{"start":{"line":80,"column":16},"end":{"line":84,"column":17}},"type":"if","locations":[{"start":{"line":80,"column":16},"end":{"line":84,"column":17}},{"start":{"line":82,"column":23},"end":{"line":84,"column":17}}]},"12":{"loc":{"start":{"line":92,"column":16},"end":{"line":94,"column":17}},"type":"if","locations":[{"start":{"line":92,"column":16},"end":{"line":94,"column":17}}]}},"s":{"0":6,"1":6,"2":6,"3":6,"4":0,"5":0,"6":0,"7":0,"8":0,"9":0,"10":0,"11":0,"12":0,"13":0,"14":0,"15":0,"16":0,"17":0,"18":0,"19":0,"20":0,"21":0,"22":0,"23":0,"24":0,"25":0,"26":0,"27":0,"28":0,"29":0,"30":0,"31":0,"32":0,"33":0,"34":0,"35":0,"36":0,"37":0,"38":0,"39":6,"40":6},"f":{"0":0,"1":0,"2":0,"3":0,"4":0,"5":0,"6":0,"7":0},"b":{"0":[0],"1":[0],"2":[0,0],"3":[0],"4":[0],"5":[0],"6":[0],"7":[0],"8":[0,0],"9":[0],"10":[0,0],"11":[0,0],"12":[0]}}
,"/Users/maciejbartynski/Desktop/projekty/bakemania-web-app/server/services/DbService/instances/UsersDb.types.ts": {"path":"/Users/maciejbartynski/Desktop/projekty/bakemania-web-app/server/services/DbService/instances/UsersDb.types.ts","statementMap":{"0":{"start":{"line":1,"column":0},"end":{"line":1,"column":null}},"1":{"start":{"line":2,"column":4},"end":{"line":2,"column":null}},"2":{"start":{"line":3,"column":4},"end":{"line":3,"column":null}},"3":{"start":{"line":4,"column":4},"end":{"line":4,"column":null}},"4":{"start":{"line":66,"column":0},"end":{"line":66,"column":24}}},"fnMap":{"0":{"name":"(anonymous_0)","decl":{"start":{"line":1,"column":0},"end":{"line":1,"column":5}},"loc":{"start":{"line":1,"column":13},"end":{"line":5,"column":1}}}},"branchMap":{"0":{"loc":{"start":{"line":1,"column":5},"end":{"line":1,"column":null}},"type":"binary-expr","locations":[{"start":{"line":1,"column":5},"end":{"line":1,"column":13}},{"start":{"line":1,"column":5},"end":{"line":1,"column":null}}]}},"s":{"0":6,"1":6,"2":6,"3":6,"4":6},"f":{"0":6},"b":{"0":[6,6]}}
,"/Users/maciejbartynski/Desktop/projekty/bakemania-web-app/server/services/EmailService/EmailService.ts": {"path":"/Users/maciejbartynski/Desktop/projekty/bakemania-web-app/server/services/EmailService/EmailService.ts","statementMap":{"0":{"start":{"line":1,"column":0},"end":{"line":1,"column":36}},"1":{"start":{"line":3,"column":0},"end":{"line":3,"column":46}},"2":{"start":{"line":4,"column":0},"end":{"line":4,"column":33}},"3":{"start":{"line":34,"column":8},"end":{"line":40,"column":11}},"4":{"start":{"line":44,"column":8},"end":{"line":91,"column":20}},"5":{"start":{"line":45,"column":33},"end":{"line":45,"column":37}},"6":{"start":{"line":46,"column":32},"end":{"line":46,"column":59}},"7":{"start":{"line":47,"column":12},"end":{"line":51,"column":13}},"8":{"start":{"line":48,"column":16},"end":{"line":48,"column":66}},"9":{"start":{"line":50,"column":16},"end":{"line":50,"column":68}},"10":{"start":{"line":52,"column":37},"end":{"line":52,"column":93}},"11":{"start":{"line":53,"column":28},"end":{"line":53,"column":58}},"12":{"start":{"line":54,"column":25},"end":{"line":79,"column":58}},"13":{"start":{"line":81,"column":12},"end":{"line":86,"column":15}},"14":{"start":{"line":88,"column":12},"end":{"line":88,"column":24}},"15":{"start":{"line":90,"column":12},"end":{"line":90,"column":25}},"16":{"start":{"line":95,"column":8},"end":{"line":140,"column":20}},"17":{"start":{"line":96,"column":33},"end":{"line":96,"column":37}},"18":{"start":{"line":97,"column":32},"end":{"line":97,"column":59}},"19":{"start":{"line":98,"column":12},"end":{"line":102,"column":13}},"20":{"start":{"line":99,"column":16},"end":{"line":99,"column":66}},"21":{"start":{"line":101,"column":16},"end":{"line":101,"column":68}},"22":{"start":{"line":103,"column":37},"end":{"line":103,"column":115}},"23":{"start":{"line":104,"column":28},"end":{"line":104,"column":70}},"24":{"start":{"line":105,"column":25},"end":{"line":128,"column":58}},"25":{"start":{"line":130,"column":12},"end":{"line":135,"column":15}},"26":{"start":{"line":137,"column":12},"end":{"line":137,"column":24}},"27":{"start":{"line":139,"column":12},"end":{"line":139,"column":25}},"28":{"start":{"line":144,"column":8},"end":{"line":159,"column":20}},"29":{"start":{"line":145,"column":12},"end":{"line":154,"column":15}},"30":{"start":{"line":156,"column":12},"end":{"line":156,"column":24}},"31":{"start":{"line":158,"column":12},"end":{"line":158,"column":25}},"32":{"start":{"line":163,"column":0},"end":{"line":163,"column":34}}},"fnMap":{"0":{"name":"(anonymous_1)","decl":{"start":{"line":11,"column":4},"end":{"line":11,"column":null}},"loc":{"start":{"line":11,"column":4},"end":{"line":41,"column":5}}},"1":{"name":"(anonymous_2)","decl":{"start":{"line":43,"column":4},"end":{"line":43,"column":9}},"loc":{"start":{"line":43,"column":92},"end":{"line":92,"column":5}}},"2":{"name":"(anonymous_3)","decl":{"start":{"line":44,"column":112},"end":{"line":44,"column":117}},"loc":{"start":{"line":44,"column":123},"end":{"line":89,"column":9}}},"3":{"name":"(anonymous_4)","decl":{"start":{"line":89,"column":11},"end":{"line":89,"column":16}},"loc":{"start":{"line":89,"column":22},"end":{"line":91,"column":9}}},"4":{"name":"(anonymous_5)","decl":{"start":{"line":94,"column":4},"end":{"line":94,"column":9}},"loc":{"start":{"line":94,"column":47},"end":{"line":141,"column":5}}},"5":{"name":"(anonymous_6)","decl":{"start":{"line":95,"column":110},"end":{"line":95,"column":115}},"loc":{"start":{"line":95,"column":121},"end":{"line":138,"column":9}}},"6":{"name":"(anonymous_7)","decl":{"start":{"line":138,"column":11},"end":{"line":138,"column":16}},"loc":{"start":{"line":138,"column":22},"end":{"line":140,"column":9}}},"7":{"name":"(anonymous_8)","decl":{"start":{"line":143,"column":4},"end":{"line":143,"column":9}},"loc":{"start":{"line":143,"column":38},"end":{"line":160,"column":5}}},"8":{"name":"(anonymous_9)","decl":{"start":{"line":144,"column":99},"end":{"line":144,"column":104}},"loc":{"start":{"line":144,"column":110},"end":{"line":157,"column":9}}},"9":{"name":"(anonymous_10)","decl":{"start":{"line":157,"column":11},"end":{"line":157,"column":16}},"loc":{"start":{"line":157,"column":22},"end":{"line":159,"column":9}}}},"branchMap":{"0":{"loc":{"start":{"line":44,"column":15},"end":{"line":91,"column":19}},"type":"binary-expr","locations":[{"start":{"line":44,"column":15},"end":{"line":91,"column":10}},{"start":{"line":91,"column":14},"end":{"line":91,"column":19}}]},"1":{"loc":{"start":{"line":47,"column":12},"end":{"line":51,"column":13}},"type":"if","locations":[{"start":{"line":47,"column":12},"end":{"line":51,"column":13}},{"start":{"line":49,"column":19},"end":{"line":51,"column":13}}]},"2":{"loc":{"start":{"line":50,"column":32},"end":{"line":50,"column":67}},"type":"binary-expr","locations":[{"start":{"line":50,"column":32},"end":{"line":50,"column":50}},{"start":{"line":50,"column":54},"end":{"line":50,"column":67}}]},"3":{"loc":{"start":{"line":95,"column":15},"end":{"line":140,"column":19}},"type":"binary-expr","locations":[{"start":{"line":95,"column":15},"end":{"line":140,"column":10}},{"start":{"line":140,"column":14},"end":{"line":140,"column":19}}]},"4":{"loc":{"start":{"line":98,"column":12},"end":{"line":102,"column":13}},"type":"if","locations":[{"start":{"line":98,"column":12},"end":{"line":102,"column":13}},{"start":{"line":100,"column":19},"end":{"line":102,"column":13}}]},"5":{"loc":{"start":{"line":101,"column":32},"end":{"line":101,"column":67}},"type":"binary-expr","locations":[{"start":{"line":101,"column":32},"end":{"line":101,"column":50}},{"start":{"line":101,"column":54},"end":{"line":101,"column":67}}]},"6":{"loc":{"start":{"line":144,"column":15},"end":{"line":159,"column":19}},"type":"binary-expr","locations":[{"start":{"line":144,"column":15},"end":{"line":159,"column":10}},{"start":{"line":159,"column":14},"end":{"line":159,"column":19}}]}},"s":{"0":3,"1":3,"2":3,"3":3,"4":0,"5":0,"6":0,"7":0,"8":0,"9":0,"10":0,"11":0,"12":0,"13":0,"14":0,"15":0,"16":0,"17":0,"18":0,"19":0,"20":0,"21":0,"22":0,"23":0,"24":0,"25":0,"26":0,"27":0,"28":0,"29":0,"30":0,"31":0,"32":3},"f":{"0":3,"1":0,"2":0,"3":0,"4":0,"5":0,"6":0,"7":0,"8":0,"9":0},"b":{"0":[0,0],"1":[0,0],"2":[0,0],"3":[0,0],"4":[0,0],"5":[0,0],"6":[0,0]}}
}
