TN:
SF:server/CreateAdmin.ts
FN:13,(anonymous_10)
FN:30,(anonymous_11)
FN:31,(anonymous_12)
FN:32,(anonymous_13)
FN:38,(anonymous_14)
FNF:5
FNH:0
FNDA:0,(anonymous_10)
FNDA:0,(anonymous_11)
FNDA:0,(anonymous_12)
FNDA:0,(anonymous_13)
FNDA:0,(anonymous_14)
DA:2,0
DA:3,0
DA:4,0
DA:5,0
DA:6,0
DA:8,0
DA:13,0
DA:14,0
DA:16,0
DA:17,0
DA:30,0
DA:31,0
DA:32,0
DA:33,0
DA:38,0
DA:39,0
DA:40,0
DA:41,0
DA:43,0
DA:44,0
DA:46,0
DA:48,0
DA:52,0
LF:23
LH:0
BRF:0
BRH:0
end_of_record
TN:
SF:server/DbFixtures.ts
FN:25,dbFixtures
FN:52,(anonymous_11)
FN:57,(anonymous_12)
FN:131,(anonymous_13)
FN:136,(anonymous_14)
FN:198,(anonymous_15)
FN:203,(anonymous_16)
FN:244,(anonymous_17)
FN:271,recreateLogs
FN:275,(anonymous_19)
FNF:10
FNH:0
FNDA:0,dbFixtures
FNDA:0,(anonymous_11)
FNDA:0,(anonymous_12)
FNDA:0,(anonymous_13)
FNDA:0,(anonymous_14)
FNDA:0,(anonymous_15)
FNDA:0,(anonymous_16)
FNDA:0,(anonymous_17)
FNDA:0,recreateLogs
FNDA:0,(anonymous_19)
DA:1,0
DA:2,0
DA:4,0
DA:5,0
DA:6,0
DA:14,0
DA:15,0
DA:16,0
DA:17,0
DA:18,0
DA:19,0
DA:22,0
DA:26,0
DA:27,0
DA:28,0
DA:29,0
DA:30,0
DA:31,0
DA:33,0
DA:34,0
DA:35,0
DA:36,0
DA:38,0
DA:39,0
DA:40,0
DA:42,0
DA:43,0
DA:44,0
DA:46,0
DA:47,0
DA:48,0
DA:50,0
DA:52,0
DA:54,0
DA:56,0
DA:57,0
DA:58,0
DA:61,0
DA:62,0
DA:63,0
DA:64,0
DA:65,0
DA:66,0
DA:67,0
DA:68,0
DA:82,0
DA:85,0
DA:100,0
DA:115,0
DA:131,0
DA:133,0
DA:135,0
DA:136,0
DA:137,0
DA:139,0
DA:140,0
DA:141,0
DA:142,0
DA:143,0
DA:144,0
DA:145,0
DA:146,0
DA:147,0
DA:158,0
DA:160,0
DA:172,0
DA:184,0
DA:198,0
DA:200,0
DA:202,0
DA:203,0
DA:204,0
DA:206,0
DA:218,0
DA:230,0
DA:244,0
DA:246,0
DA:248,0
DA:256,0
DA:257,0
DA:258,0
DA:259,0
DA:260,0
DA:262,0
DA:263,0
DA:266,0
DA:272,0
DA:273,0
DA:274,0
DA:275,0
DA:276,0
DA:280,0
LF:92
LH:0
BRDA:4,0,0,0
BRDA:4,0,1,0
BRF:2
BRH:0
end_of_record
TN:
SF:server/app.ts
FN:36,(anonymous_1)
FN:48,(anonymous_2)
FN:49,(anonymous_3)
FN:66,(anonymous_4)
FN:91,(anonymous_5)
FN:113,(anonymous_6)
FN:124,(anonymous_7)
FN:125,(anonymous_8)
FN:131,(anonymous_9)
FN:139,(anonymous_10)
FN:149,(anonymous_11)
FN:152,(anonymous_12)
FN:165,(anonymous_13)
FN:175,(anonymous_14)
FN:179,(anonymous_15)
FN:180,(anonymous_16)
FNF:16
FNH:1
FNDA:0,(anonymous_1)
FNDA:0,(anonymous_2)
FNDA:0,(anonymous_3)
FNDA:0,(anonymous_4)
FNDA:0,(anonymous_5)
FNDA:6,(anonymous_6)
FNDA:0,(anonymous_7)
FNDA:0,(anonymous_8)
FNDA:0,(anonymous_9)
FNDA:0,(anonymous_10)
FNDA:0,(anonymous_11)
FNDA:0,(anonymous_12)
FNDA:0,(anonymous_13)
FNDA:0,(anonymous_14)
FNDA:0,(anonymous_15)
FNDA:0,(anonymous_16)
DA:1,6
DA:2,6
DA:3,6
DA:5,6
DA:6,6
DA:7,6
DA:15,6
DA:16,6
DA:17,6
DA:18,6
DA:19,6
DA:20,6
DA:21,6
DA:22,6
DA:23,6
DA:24,6
DA:25,6
DA:26,6
DA:27,6
DA:28,6
DA:29,6
DA:30,6
DA:32,6
DA:33,6
DA:34,6
DA:36,6
DA:37,0
DA:40,6
DA:48,6
DA:49,0
DA:50,0
DA:52,0
DA:55,6
DA:56,6
DA:57,6
DA:58,6
DA:59,6
DA:65,6
DA:66,6
DA:67,0
DA:77,6
DA:84,6
DA:88,0
DA:89,0
DA:91,0
DA:92,0
DA:93,0
DA:96,0
DA:98,0
DA:99,0
DA:107,6
DA:108,6
DA:113,6
DA:114,6
DA:115,6
DA:118,6
DA:120,6
DA:121,6
DA:124,6
DA:125,0
DA:127,0
DA:128,0
DA:130,0
DA:131,0
DA:132,0
DA:134,0
DA:135,0
DA:138,0
DA:139,0
DA:140,0
DA:142,0
DA:143,0
DA:146,0
DA:151,0
DA:152,0
DA:153,0
DA:154,0
DA:155,0
DA:156,0
DA:159,0
DA:162,0
DA:163,0
DA:164,0
DA:165,0
DA:166,0
DA:167,0
DA:168,0
DA:170,0
DA:173,0
DA:175,0
DA:176,0
DA:179,0
DA:180,0
DA:181,0
DA:182,0
DA:184,0
DA:193,6
DA:195,6
LF:98
LH:48
BRDA:5,0,0,6
BRDA:5,0,1,0
BRDA:84,1,0,0
BRDA:84,1,1,6
BRDA:109,2,0,6
BRDA:109,2,1,0
BRDA:110,3,0,6
BRDA:110,3,1,0
BRDA:127,4,0,0
BRDA:127,4,1,0
BRDA:130,5,0,0
BRDA:138,6,0,0
BRDA:151,7,0,0
BRDA:155,8,0,0
BRDA:162,9,0,0
BRDA:164,10,0,0
BRDA:181,11,0,0
BRF:17
BRH:4
end_of_record
TN:
SF:server/wsConnections.ts
FN:7,(anonymous_1)
FNF:1
FNH:0
FNDA:0,(anonymous_1)
DA:1,6
DA:3,6
DA:7,6
DA:8,0
DA:9,0
DA:11,0
DA:12,0
DA:18,6
LF:8
LH:4
BRDA:9,0,0,0
BRDA:11,1,0,0
BRF:2
BRH:0
end_of_record
TN:
SF:server/api/admin/router.ts
FN:18,(anonymous_1)
FN:19,(anonymous_2)
FN:49,(anonymous_3)
FN:58,(anonymous_4)
FN:59,(anonymous_5)
FN:73,(anonymous_6)
FN:117,(anonymous_7)
FN:125,(anonymous_8)
FN:126,(anonymous_9)
FN:132,(anonymous_10)
FN:133,(anonymous_11)
FN:151,(anonymous_12)
FN:159,(anonymous_13)
FN:160,(anonymous_14)
FN:214,(anonymous_15)
FN:223,(anonymous_16)
FN:224,(anonymous_17)
FN:248,(anonymous_18)
FN:257,(anonymous_19)
FN:258,(anonymous_20)
FN:298,(anonymous_21)
FN:317,(anonymous_22)
FN:361,(anonymous_23)
FN:370,(anonymous_24)
FN:371,(anonymous_25)
FN:379,(anonymous_26)
FN:388,(anonymous_27)
FN:389,(anonymous_28)
FN:395,(anonymous_29)
FN:426,(anonymous_30)
FNF:30
FNH:0
FNDA:0,(anonymous_1)
FNDA:0,(anonymous_2)
FNDA:0,(anonymous_3)
FNDA:0,(anonymous_4)
FNDA:0,(anonymous_5)
FNDA:0,(anonymous_6)
FNDA:0,(anonymous_7)
FNDA:0,(anonymous_8)
FNDA:0,(anonymous_9)
FNDA:0,(anonymous_10)
FNDA:0,(anonymous_11)
FNDA:0,(anonymous_12)
FNDA:0,(anonymous_13)
FNDA:0,(anonymous_14)
FNDA:0,(anonymous_15)
FNDA:0,(anonymous_16)
FNDA:0,(anonymous_17)
FNDA:0,(anonymous_18)
FNDA:0,(anonymous_19)
FNDA:0,(anonymous_20)
FNDA:0,(anonymous_21)
FNDA:0,(anonymous_22)
FNDA:0,(anonymous_23)
FNDA:0,(anonymous_24)
FNDA:0,(anonymous_25)
FNDA:0,(anonymous_26)
FNDA:0,(anonymous_27)
FNDA:0,(anonymous_28)
FNDA:0,(anonymous_29)
FNDA:0,(anonymous_30)
DA:1,6
DA:2,6
DA:3,6
DA:4,6
DA:6,6
DA:7,6
DA:8,6
DA:9,6
DA:10,6
DA:11,6
DA:12,6
DA:14,6
DA:16,6
DA:18,6
DA:19,0
DA:20,0
DA:21,0
DA:22,0
DA:24,0
DA:25,0
DA:29,0
DA:32,0
DA:36,0
DA:37,0
DA:41,0
DA:44,0
DA:48,0
DA:50,0
DA:54,0
DA:58,6
DA:59,0
DA:60,0
DA:62,0
DA:63,0
DA:67,0
DA:70,0
DA:71,0
DA:72,0
DA:73,0
DA:74,0
DA:75,0
DA:76,0
DA:78,0
DA:79,0
DA:84,0
DA:85,0
DA:89,0
DA:92,0
DA:96,0
DA:99,0
DA:103,0
DA:104,0
DA:108,0
DA:110,0
DA:114,0
DA:118,0
DA:125,6
DA:126,0
DA:127,0
DA:128,0
DA:129,0
DA:132,0
DA:133,0
DA:134,0
DA:135,0
DA:136,0
DA:137,0
DA:142,0
DA:149,0
DA:150,0
DA:152,0
DA:159,6
DA:160,0
DA:161,0
DA:162,0
DA:166,0
DA:169,0
DA:170,0
DA:171,0
DA:173,0
DA:174,0
DA:178,0
DA:181,0
DA:183,0
DA:184,0
DA:188,0
DA:191,0
DA:192,0
DA:193,0
DA:194,0
DA:195,0
DA:196,0
DA:198,0
DA:203,0
DA:204,0
DA:207,0
DA:215,0
DA:223,6
DA:224,0
DA:225,0
DA:227,0
DA:228,0
DA:232,0
DA:235,0
DA:236,0
DA:237,0
DA:242,0
DA:249,0
DA:257,6
DA:258,0
DA:259,0
DA:261,0
DA:262,0
DA:266,0
DA:269,0
DA:270,0
DA:271,0
DA:272,0
DA:274,0
DA:275,0
DA:279,0
DA:282,0
DA:283,0
DA:287,0
DA:290,0
DA:292,0
DA:293,0
DA:295,0
DA:298,0
DA:299,0
DA:301,0
DA:302,0
DA:303,0
DA:305,0
DA:306,0
DA:307,0
DA:309,0
DA:314,0
DA:317,0
DA:318,0
DA:319,0
DA:320,0
DA:321,0
DA:322,0
DA:323,0
DA:324,0
DA:326,0
DA:333,0
DA:336,0
DA:339,0
DA:341,0
DA:347,0
DA:348,0
DA:349,0
DA:355,0
DA:362,0
DA:370,6
DA:371,0
DA:372,0
DA:373,0
DA:375,0
DA:380,0
DA:388,6
DA:389,0
DA:390,0
DA:391,0
DA:395,0
DA:396,0
DA:397,0
DA:398,0
DA:399,0
DA:400,0
DA:401,0
DA:402,0
DA:404,0
DA:411,0
DA:414,0
DA:415,0
DA:416,0
DA:417,0
DA:421,0
DA:427,0
DA:435,6
LF:183
LH:22
BRDA:24,0,0,0
BRDA:24,1,0,0
BRDA:24,1,1,0
BRDA:36,2,0,0
BRDA:52,3,0,0
BRDA:52,3,1,0
BRDA:62,4,0,0
BRDA:62,5,0,0
BRDA:62,5,1,0
BRDA:74,6,0,0
BRDA:74,6,1,0
BRDA:75,7,0,0
BRDA:75,7,1,0
BRDA:78,8,0,0
BRDA:84,9,0,0
BRDA:96,10,0,0
BRDA:96,10,1,0
BRDA:99,11,0,0
BRDA:99,11,1,0
BRDA:103,12,0,0
BRDA:103,12,1,0
BRDA:120,13,0,0
BRDA:120,13,1,0
BRDA:136,14,0,0
BRDA:136,14,1,0
BRDA:154,15,0,0
BRDA:154,15,1,0
BRDA:161,16,0,0
BRDA:161,17,0,0
BRDA:161,17,1,0
BRDA:169,18,0,0
BRDA:169,18,1,0
BRDA:173,19,0,0
BRDA:183,20,0,0
BRDA:203,21,0,0
BRDA:209,22,0,0
BRDA:209,22,1,0
BRDA:217,23,0,0
BRDA:217,23,1,0
BRDA:227,24,0,0
BRDA:244,25,0,0
BRDA:244,25,1,0
BRDA:251,26,0,0
BRDA:251,26,1,0
BRDA:261,27,0,0
BRDA:274,28,0,0
BRDA:282,29,0,0
BRDA:292,30,0,0
BRDA:305,31,0,0
BRDA:305,31,1,0
BRDA:318,32,0,0
BRDA:322,33,0,0
BRDA:322,33,1,0
BRDA:347,34,0,0
BRDA:357,35,0,0
BRDA:357,35,1,0
BRDA:364,36,0,0
BRDA:364,36,1,0
BRDA:382,37,0,0
BRDA:382,37,1,0
BRDA:396,38,0,0
BRDA:400,39,0,0
BRDA:400,39,1,0
BRDA:416,40,0,0
BRDA:429,41,0,0
BRDA:429,41,1,0
BRF:66
BRH:0
end_of_record
TN:
SF:server/api/appConfig/router.ts
FN:8,(anonymous_1)
FNF:1
FNH:0
FNDA:0,(anonymous_1)
DA:2,6
DA:3,6
DA:6,6
DA:8,6
DA:9,0
DA:12,0
DA:16,0
DA:17,0
DA:18,0
DA:22,0
DA:30,0
DA:37,0
DA:41,6
LF:13
LH:5
BRDA:17,0,0,0
BRDA:17,0,1,0
BRF:2
BRH:0
end_of_record
TN:
SF:server/api/assistant/router.ts
FN:16,(anonymous_1)
FN:17,(anonymous_2)
FN:109,(anonymous_3)
FN:118,(anonymous_4)
FN:119,(anonymous_5)
FN:185,(anonymous_6)
FN:194,(anonymous_7)
FN:195,(anonymous_8)
FN:218,(anonymous_9)
FN:229,(anonymous_10)
FN:230,(anonymous_11)
FN:244,(anonymous_12)
FN:255,(anonymous_13)
FN:256,(anonymous_14)
FN:271,(anonymous_15)
FN:291,(anonymous_16)
FN:294,(anonymous_17)
FN:304,(anonymous_18)
FN:312,(anonymous_19)
FN:313,(anonymous_20)
FN:367,(anonymous_21)
FNF:21
FNH:0
FNDA:0,(anonymous_1)
FNDA:0,(anonymous_2)
FNDA:0,(anonymous_3)
FNDA:0,(anonymous_4)
FNDA:0,(anonymous_5)
FNDA:0,(anonymous_6)
FNDA:0,(anonymous_7)
FNDA:0,(anonymous_8)
FNDA:0,(anonymous_9)
FNDA:0,(anonymous_10)
FNDA:0,(anonymous_11)
FNDA:0,(anonymous_12)
FNDA:0,(anonymous_13)
FNDA:0,(anonymous_14)
FNDA:0,(anonymous_15)
FNDA:0,(anonymous_16)
FNDA:0,(anonymous_17)
FNDA:0,(anonymous_18)
FNDA:0,(anonymous_19)
FNDA:0,(anonymous_20)
FNDA:0,(anonymous_21)
DA:1,6
DA:2,6
DA:3,6
DA:4,6
DA:5,6
DA:6,6
DA:7,6
DA:9,6
DA:11,6
DA:14,6
DA:16,6
DA:17,0
DA:23,0
DA:30,0
DA:31,0
DA:34,0
DA:37,0
DA:38,0
DA:41,0
DA:44,0
DA:45,0
DA:46,0
DA:49,0
DA:50,0
DA:51,0
DA:54,0
DA:55,0
DA:56,0
DA:59,0
DA:61,0
DA:62,0
DA:63,0
DA:66,0
DA:67,0
DA:68,0
DA:71,0
DA:72,0
DA:73,0
DA:76,0
DA:78,0
DA:81,0
DA:85,0
DA:87,0
DA:88,0
DA:89,0
DA:92,0
DA:94,0
DA:95,0
DA:98,0
DA:99,0
DA:100,0
DA:101,0
DA:104,0
DA:107,0
DA:110,0
DA:114,0
DA:118,6
DA:119,0
DA:124,0
DA:130,0
DA:131,0
DA:134,0
DA:137,0
DA:138,0
DA:141,0
DA:144,0
DA:145,0
DA:146,0
DA:149,0
DA:150,0
DA:151,0
DA:154,0
DA:156,0
DA:157,0
DA:158,0
DA:161,0
DA:163,0
DA:164,0
DA:165,0
DA:168,0
DA:170,0
DA:171,0
DA:174,0
DA:175,0
DA:176,0
DA:177,0
DA:180,0
DA:183,0
DA:186,0
DA:190,0
DA:194,6
DA:195,0
DA:196,0
DA:197,0
DA:199,0
DA:200,0
DA:205,0
DA:207,0
DA:215,0
DA:219,0
DA:225,0
DA:229,6
DA:230,0
DA:231,0
DA:232,0
DA:233,0
DA:234,0
DA:237,0
DA:239,0
DA:242,0
DA:245,0
DA:251,0
DA:255,6
DA:256,0
DA:257,0
DA:258,0
DA:259,0
DA:260,0
DA:261,0
DA:263,0
DA:264,0
DA:265,0
DA:268,0
DA:269,0
DA:272,0
DA:273,0
DA:274,0
DA:275,0
DA:276,0
DA:277,0
DA:278,0
DA:280,0
DA:285,0
DA:290,0
DA:291,0
DA:293,0
DA:294,0
DA:295,0
DA:305,0
DA:312,6
DA:313,0
DA:314,0
DA:315,0
DA:316,0
DA:317,0
DA:320,0
DA:323,0
DA:324,0
DA:327,0
DA:330,0
DA:331,0
DA:332,0
DA:335,0
DA:338,0
DA:353,0
DA:354,0
DA:357,0
DA:360,0
DA:366,0
DA:368,0
DA:374,0
DA:378,6
LF:162
LH:17
BRDA:30,0,0,0
BRDA:37,1,0,0
BRDA:37,2,0,0
BRDA:37,2,1,0
BRDA:44,3,0,0
BRDA:49,4,0,0
BRDA:54,5,0,0
BRDA:61,6,0,0
BRDA:66,7,0,0
BRDA:71,8,0,0
BRDA:72,9,0,0
BRDA:72,9,1,0
BRDA:87,10,0,0
BRDA:94,11,0,0
BRDA:96,12,0,0
BRDA:96,12,1,0
BRDA:112,13,0,0
BRDA:112,13,1,0
BRDA:130,14,0,0
BRDA:137,15,0,0
BRDA:137,16,0,0
BRDA:137,16,1,0
BRDA:144,17,0,0
BRDA:149,18,0,0
BRDA:156,19,0,0
BRDA:163,20,0,0
BRDA:170,21,0,0
BRDA:172,22,0,0
BRDA:172,22,1,0
BRDA:188,23,0,0
BRDA:188,23,1,0
BRDA:199,24,0,0
BRDA:199,24,1,0
BRDA:233,25,0,0
BRDA:233,25,1,0
BRDA:249,26,0,0
BRDA:249,26,1,0
BRDA:260,27,0,0
BRDA:260,27,1,0
BRDA:261,28,0,0
BRDA:261,28,1,0
BRDA:263,29,0,0
BRDA:263,30,0,0
BRDA:263,30,1,0
BRDA:268,31,0,0
BRDA:268,31,1,0
BRDA:268,32,0,0
BRDA:268,32,1,0
BRDA:307,33,0,0
BRDA:307,33,1,0
BRDA:316,34,0,0
BRDA:323,35,0,0
BRDA:331,36,0,0
BRDA:347,37,0,0
BRDA:347,37,1,0
BRDA:353,38,0,0
BRDA:372,39,0,0
BRDA:372,39,1,0
BRF:58
BRH:0
end_of_record
TN:
SF:server/api/auth/router.ts
FN:52,(anonymous_10)
FN:53,(anonymous_11)
FN:93,(anonymous_12)
FN:102,(anonymous_13)
FN:103,(anonymous_14)
FN:111,(anonymous_15)
FN:129,(anonymous_16)
FN:142,(anonymous_17)
FN:151,(anonymous_18)
FN:152,(anonymous_19)
FN:202,(anonymous_20)
FN:211,(anonymous_21)
FN:212,(anonymous_22)
FN:223,(anonymous_23)
FN:234,(anonymous_24)
FN:259,(anonymous_25)
FN:261,(anonymous_26)
FN:262,(anonymous_27)
FN:375,(anonymous_28)
FN:390,(anonymous_29)
FN:391,(anonymous_30)
FN:406,(anonymous_31)
FN:415,(anonymous_32)
FN:416,(anonymous_33)
FN:477,(anonymous_34)
FNF:25
FNH:15
FNDA:3,(anonymous_10)
FNDA:3,(anonymous_11)
FNDA:0,(anonymous_12)
FNDA:2,(anonymous_13)
FNDA:2,(anonymous_14)
FNDA:0,(anonymous_15)
FNDA:0,(anonymous_16)
FNDA:0,(anonymous_17)
FNDA:4,(anonymous_18)
FNDA:4,(anonymous_19)
FNDA:0,(anonymous_20)
FNDA:2,(anonymous_21)
FNDA:2,(anonymous_22)
FNDA:0,(anonymous_23)
FNDA:4,(anonymous_24)
FNDA:4,(anonymous_25)
FNDA:0,(anonymous_26)
FNDA:0,(anonymous_27)
FNDA:0,(anonymous_28)
FNDA:2,(anonymous_29)
FNDA:2,(anonymous_30)
FNDA:1,(anonymous_31)
FNDA:5,(anonymous_32)
FNDA:5,(anonymous_33)
FNDA:0,(anonymous_34)
DA:1,6
DA:2,6
DA:3,6
DA:4,6
DA:5,6
DA:6,6
DA:7,6
DA:8,6
DA:9,6
DA:12,6
DA:13,6
DA:14,6
DA:15,6
DA:17,6
DA:20,6
DA:22,6
DA:32,6
DA:42,6
DA:52,6
DA:53,3
DA:54,3
DA:55,3
DA:56,3
DA:57,1
DA:60,1
DA:63,2
DA:64,1
DA:67,1
DA:70,1
DA:72,1
DA:73,0
DA:76,1
DA:81,1
DA:89,1
DA:90,1
DA:94,0
DA:98,0
DA:102,6
DA:103,2
DA:104,2
DA:105,2
DA:107,2
DA:108,0
DA:109,0
DA:111,0
DA:112,0
DA:115,0
DA:118,0
DA:121,2
DA:123,2
DA:125,2
DA:126,1
DA:127,1
DA:129,0
DA:130,0
DA:133,1
DA:134,1
DA:137,1
DA:141,1
DA:143,0
DA:147,0
DA:151,6
DA:152,4
DA:153,4
DA:154,4
DA:155,1
DA:158,1
DA:160,3
DA:161,3
DA:162,1
DA:165,1
DA:168,2
DA:170,2
DA:172,2
DA:173,0
DA:176,2
DA:177,2
DA:183,2
DA:184,2
DA:189,2
DA:190,2
DA:194,2
DA:196,0
DA:200,0
DA:203,0
DA:207,0
DA:211,6
DA:212,2
DA:213,2
DA:214,2
DA:218,2
DA:222,2
DA:224,0
DA:228,0
DA:232,6
DA:241,4
DA:248,4
DA:253,4
DA:260,4
DA:262,0
DA:263,0
DA:265,0
DA:271,4
DA:272,1
DA:275,1
DA:278,3
DA:280,3
DA:281,0
DA:284,3
DA:285,3
DA:290,3
DA:306,3
DA:308,3
DA:309,0
DA:310,0
DA:311,0
DA:313,0
DA:314,0
DA:318,3
DA:320,3
DA:334,3
DA:336,3
DA:338,3
DA:340,3
DA:341,0
DA:342,0
DA:343,0
DA:345,0
DA:346,0
DA:350,3
DA:352,3
DA:354,3
DA:355,1
DA:359,1
DA:361,2
DA:362,2
DA:363,0
DA:367,0
DA:369,2
DA:370,2
DA:375,0
DA:376,0
DA:377,0
DA:380,0
DA:386,0
DA:391,2
DA:392,2
DA:393,2
DA:394,2
DA:395,1
DA:396,1
DA:399,1
DA:401,0
DA:404,0
DA:407,1
DA:411,1
DA:415,6
DA:416,5
DA:417,5
DA:419,5
DA:421,5
DA:422,5
DA:424,5
DA:425,1
DA:432,1
DA:433,4
DA:434,1
DA:441,1
DA:443,3
DA:445,3
DA:446,0
DA:449,3
DA:450,1
DA:453,1
DA:456,2
DA:462,2
DA:463,1
DA:464,1
DA:465,1
DA:470,1
DA:475,2
DA:478,0
DA:482,0
DA:486,6
LF:184
LH:138
BRDA:56,0,0,1
BRDA:63,1,0,1
BRDA:72,2,0,0
BRDA:96,3,0,0
BRDA:96,3,1,0
BRDA:107,4,0,0
BRDA:112,5,0,0
BRDA:112,5,1,0
BRDA:125,6,0,1
BRDA:130,7,0,0
BRDA:130,7,1,0
BRDA:145,8,0,0
BRDA:145,8,1,0
BRDA:154,9,0,1
BRDA:161,10,0,1
BRDA:172,11,0,0
BRDA:189,12,0,2
BRDA:189,12,1,0
BRDA:205,13,0,0
BRDA:205,13,1,0
BRDA:226,14,0,0
BRDA:226,14,1,0
BRDA:271,15,0,1
BRDA:280,16,0,0
BRDA:308,17,0,0
BRDA:309,18,0,0
BRDA:309,18,1,0
BRDA:340,19,0,0
BRDA:341,20,0,0
BRDA:341,20,1,0
BRDA:354,21,0,1
BRDA:354,21,1,2
BRDA:362,22,0,0
BRDA:362,22,1,2
BRDA:395,23,0,1
BRDA:395,23,1,0
BRDA:409,24,0,1
BRDA:409,24,1,0
BRDA:422,25,0,4
BRDA:422,25,1,1
BRDA:424,26,0,1
BRDA:424,26,1,4
BRDA:433,27,0,1
BRDA:433,27,1,3
BRDA:445,28,0,0
BRDA:449,29,0,1
BRDA:449,30,0,3
BRDA:449,30,1,3
BRDA:462,31,0,1
BRDA:462,31,1,1
BRDA:480,32,0,0
BRDA:480,32,1,0
BRF:52
BRH:23
end_of_record
TN:
SF:server/api/auth/user.validator.ts
FN:3,(anonymous_1)
FN:20,(anonymous_2)
FN:31,(anonymous_3)
FN:36,(anonymous_4)
FNF:4
FNH:4
FNDA:2,(anonymous_1)
FNDA:6,(anonymous_2)
FNDA:45,(anonymous_3)
FNDA:42,(anonymous_4)
DA:1,6
DA:3,6
DA:5,2
DA:6,2
DA:7,0
DA:9,2
DA:10,1
DA:13,1
DA:14,1
DA:16,0
DA:20,6
DA:21,6
DA:23,6
DA:24,6
DA:25,0
DA:28,6
DA:29,6
DA:30,6
DA:31,6
DA:32,45
DA:33,0
DA:36,6
DA:37,42
DA:38,0
DA:51,6
DA:54,6
DA:55,0
DA:58,6
DA:59,0
DA:62,6
DA:63,0
DA:66,6
DA:67,0
DA:70,6
DA:71,0
DA:74,6
DA:75,6
DA:77,6
DA:78,0
DA:81,6
DA:82,0
DA:85,6
DA:86,0
DA:88,6
DA:89,0
DA:92,6
DA:93,0
DA:95,6
DA:96,0
DA:99,6
DA:100,0
DA:105,6
DA:106,0
DA:107,0
DA:110,0
DA:111,0
DA:114,0
DA:115,0
DA:118,0
DA:119,0
DA:124,6
DA:125,0
DA:128,6
DA:129,0
DA:133,0
DA:134,0
DA:136,0
DA:141,6
LF:68
LH:38
BRDA:6,0,0,0
BRDA:9,1,0,1
BRDA:9,2,0,2
BRDA:9,2,1,1
BRDA:13,3,0,1
BRDA:13,3,1,0
BRDA:24,4,0,0
BRDA:24,5,0,6
BRDA:24,5,1,6
BRDA:32,6,0,0
BRDA:37,7,0,0
BRDA:54,8,0,0
BRDA:58,9,0,0
BRDA:62,10,0,0
BRDA:66,11,0,0
BRDA:70,12,0,0
BRDA:70,13,0,6
BRDA:70,13,1,6
BRDA:77,14,0,0
BRDA:81,15,0,0
BRDA:85,16,0,0
BRDA:85,16,1,6
BRDA:88,17,0,0
BRDA:92,18,0,0
BRDA:92,18,1,6
BRDA:95,19,0,0
BRDA:99,20,0,0
BRDA:105,21,0,0
BRDA:106,22,0,0
BRDA:106,22,1,0
BRDA:110,23,0,0
BRDA:114,24,0,0
BRDA:118,25,0,0
BRDA:124,26,0,0
BRDA:124,27,0,6
BRDA:124,27,1,6
BRDA:128,28,0,0
BRDA:133,29,0,0
BRDA:133,29,1,0
BRF:39
BRH:12
end_of_record
TN:
SF:server/api/user/router.ts
FN:12,(anonymous_1)
FN:13,(anonymous_2)
FN:27,(anonymous_3)
FN:36,(anonymous_4)
FN:37,(anonymous_5)
FN:47,(anonymous_6)
FN:50,(anonymous_7)
FN:54,(anonymous_8)
FN:63,(anonymous_9)
FN:64,(anonymous_10)
FN:78,(anonymous_11)
FN:89,(anonymous_12)
FN:90,(anonymous_13)
FN:108,(anonymous_14)
FN:118,(anonymous_15)
FN:157,(anonymous_16)
FN:165,(anonymous_17)
FN:166,(anonymous_18)
FN:222,(anonymous_19)
FNF:19
FNH:0
FNDA:0,(anonymous_1)
FNDA:0,(anonymous_2)
FNDA:0,(anonymous_3)
FNDA:0,(anonymous_4)
FNDA:0,(anonymous_5)
FNDA:0,(anonymous_6)
FNDA:0,(anonymous_7)
FNDA:0,(anonymous_8)
FNDA:0,(anonymous_9)
FNDA:0,(anonymous_10)
FNDA:0,(anonymous_11)
FNDA:0,(anonymous_12)
FNDA:0,(anonymous_13)
FNDA:0,(anonymous_14)
FNDA:0,(anonymous_15)
FNDA:0,(anonymous_16)
FNDA:0,(anonymous_17)
FNDA:0,(anonymous_18)
FNDA:0,(anonymous_19)
DA:1,6
DA:2,6
DA:3,6
DA:4,6
DA:5,6
DA:6,6
DA:8,6
DA:10,6
DA:12,6
DA:13,0
DA:14,0
DA:15,0
DA:17,0
DA:18,0
DA:21,0
DA:24,0
DA:25,0
DA:28,0
DA:32,0
DA:36,6
DA:37,0
DA:38,0
DA:39,0
DA:40,0
DA:41,0
DA:44,0
DA:47,0
DA:48,0
DA:49,0
DA:51,0
DA:52,0
DA:55,0
DA:59,0
DA:63,6
DA:64,0
DA:65,0
DA:66,0
DA:67,0
DA:68,0
DA:71,0
DA:73,0
DA:76,0
DA:79,0
DA:85,0
DA:89,6
DA:90,0
DA:91,0
DA:92,0
DA:93,0
DA:94,0
DA:95,0
DA:96,0
DA:98,0
DA:99,0
DA:100,0
DA:103,0
DA:104,0
DA:105,0
DA:108,0
DA:110,0
DA:113,0
DA:115,0
DA:116,0
DA:119,0
DA:120,0
DA:121,0
DA:122,0
DA:123,0
DA:124,0
DA:125,0
DA:127,0
DA:132,0
DA:137,0
DA:138,0
DA:139,0
DA:140,0
DA:141,0
DA:142,0
DA:143,0
DA:144,0
DA:145,0
DA:146,0
DA:147,0
DA:149,0
DA:154,0
DA:158,0
DA:165,6
DA:166,0
DA:167,0
DA:168,0
DA:169,0
DA:170,0
DA:173,0
DA:176,0
DA:177,0
DA:180,0
DA:183,0
DA:184,0
DA:185,0
DA:188,0
DA:191,0
DA:196,0
DA:208,0
DA:209,0
DA:212,0
DA:215,0
DA:221,0
DA:223,0
DA:229,0
DA:233,6
LF:110
LH:14
BRDA:17,0,0,0
BRDA:19,1,0,0
BRDA:19,1,1,0
BRDA:30,2,0,0
BRDA:30,2,1,0
BRDA:40,3,0,0
BRDA:42,4,0,0
BRDA:42,4,1,0
BRDA:51,5,0,0
BRDA:51,5,1,0
BRDA:57,6,0,0
BRDA:57,6,1,0
BRDA:67,7,0,0
BRDA:67,7,1,0
BRDA:83,8,0,0
BRDA:83,8,1,0
BRDA:95,9,0,0
BRDA:95,9,1,0
BRDA:96,10,0,0
BRDA:96,10,1,0
BRDA:98,11,0,0
BRDA:98,12,0,0
BRDA:98,12,1,0
BRDA:103,13,0,0
BRDA:103,13,1,0
BRDA:103,14,0,0
BRDA:103,14,1,0
BRDA:103,14,2,0
BRDA:115,15,0,0
BRDA:115,15,1,0
BRDA:115,16,0,0
BRDA:115,16,1,0
BRDA:137,17,0,0
BRDA:137,17,1,0
BRDA:138,18,0,0
BRDA:138,18,1,0
BRDA:139,19,0,0
BRDA:139,19,1,0
BRDA:139,20,0,0
BRDA:139,20,1,0
BRDA:160,21,0,0
BRDA:160,21,1,0
BRDA:169,22,0,0
BRDA:176,23,0,0
BRDA:184,24,0,0
BRDA:208,25,0,0
BRDA:227,26,0,0
BRDA:227,26,1,0
BRF:48
BRH:0
end_of_record
TN:
SF:server/lib/getLocalIP.ts
FN:3,getLocalIP
FNF:1
FNH:1
FNDA:6,getLocalIP
DA:1,6
DA:4,6
DA:5,6
DA:6,18
DA:7,18
DA:8,36
DA:9,6
DA:13,0
DA:16,6
LF:9
LH:8
BRDA:6,0,0,0
BRDA:8,1,0,6
BRDA:8,2,0,36
BRDA:8,2,1,12
BRF:4
BRH:3
end_of_record
TN:
SF:server/lib/middleware.ts
FN:11,authenticateChangePasswordToken
FN:12,(anonymous_2)
FN:22,(anonymous_3)
FN:23,(anonymous_4)
FN:30,(anonymous_5)
FN:84,(anonymous_6)
FN:93,authenticateEmailVerificationToken
FN:94,(anonymous_8)
FN:105,(anonymous_9)
FN:106,(anonymous_10)
FN:150,(anonymous_11)
FN:159,authenticateToken
FN:160,(anonymous_13)
FN:171,(anonymous_14)
FN:172,(anonymous_15)
FN:223,(anonymous_16)
FN:233,requireAssistant
FN:234,(anonymous_18)
FN:243,(anonymous_19)
FN:255,requireAdmin
FN:256,(anonymous_21)
FN:265,(anonymous_22)
FNF:22
FNH:9
FNDA:3,authenticateChangePasswordToken
FNDA:3,(anonymous_2)
FNDA:3,(anonymous_3)
FNDA:3,(anonymous_4)
FNDA:1,(anonymous_5)
FNDA:0,(anonymous_6)
FNDA:4,authenticateEmailVerificationToken
FNDA:4,(anonymous_8)
FNDA:4,(anonymous_9)
FNDA:4,(anonymous_10)
FNDA:0,(anonymous_11)
FNDA:0,authenticateToken
FNDA:0,(anonymous_13)
FNDA:0,(anonymous_14)
FNDA:0,(anonymous_15)
FNDA:0,(anonymous_16)
FNDA:0,requireAssistant
FNDA:0,(anonymous_18)
FNDA:0,(anonymous_19)
FNDA:0,requireAdmin
FNDA:0,(anonymous_21)
FNDA:0,(anonymous_22)
DA:1,6
DA:3,6
DA:4,6
DA:5,6
DA:9,6
DA:12,3
DA:13,3
DA:15,3
DA:16,0
DA:19,0
DA:22,3
DA:23,3
DA:25,3
DA:26,1
DA:27,1
DA:28,1
DA:30,1
DA:31,1
DA:34,1
DA:37,1
DA:40,2
DA:46,2
DA:47,0
DA:50,0
DA:53,2
DA:55,2
DA:56,0
DA:59,0
DA:62,2
DA:63,0
DA:66,0
DA:69,2
DA:70,2
DA:71,2
DA:72,2
DA:73,0
DA:74,0
DA:75,0
DA:76,0
DA:77,0
DA:78,0
DA:79,0
DA:80,0
DA:85,0
DA:89,0
DA:94,4
DA:96,4
DA:98,4
DA:99,0
DA:102,0
DA:105,4
DA:106,4
DA:108,4
DA:109,1
DA:112,1
DA:115,3
DA:119,3
DA:120,0
DA:123,0
DA:125,3
DA:126,3
DA:128,3
DA:129,1
DA:132,1
DA:135,2
DA:136,2
DA:137,2
DA:138,2
DA:139,0
DA:140,0
DA:141,0
DA:142,0
DA:143,0
DA:144,0
DA:145,0
DA:146,0
DA:151,0
DA:155,0
DA:160,0
DA:162,0
DA:164,0
DA:165,0
DA:168,0
DA:171,0
DA:172,0
DA:174,0
DA:175,0
DA:179,0
DA:182,0
DA:183,0
DA:185,0
DA:186,0
DA:189,0
DA:192,0
DA:193,0
DA:194,0
DA:195,0
DA:198,0
DA:201,0
DA:202,0
DA:203,0
DA:204,0
DA:207,0
DA:210,0
DA:211,0
DA:212,0
DA:213,0
DA:214,0
DA:215,0
DA:216,0
DA:217,0
DA:218,0
DA:219,0
DA:224,0
DA:228,0
DA:234,0
DA:235,0
DA:236,0
DA:239,0
DA:242,0
DA:244,0
DA:251,0
DA:256,0
DA:257,0
DA:258,0
DA:261,0
DA:264,0
DA:266,0
DA:273,0
DA:276,6
LF:130
LH:47
BRDA:15,0,0,0
BRDA:25,1,0,1
BRDA:31,2,0,1
BRDA:31,2,1,0
BRDA:46,3,0,0
BRDA:55,4,0,0
BRDA:62,5,0,0
BRDA:69,6,0,2
BRDA:69,6,1,0
BRDA:73,7,0,0
BRDA:73,7,1,0
BRDA:77,8,0,0
BRDA:87,9,0,0
BRDA:87,9,1,0
BRDA:98,10,0,0
BRDA:108,11,0,1
BRDA:119,12,0,0
BRDA:128,13,0,1
BRDA:135,14,0,2
BRDA:135,14,1,0
BRDA:139,15,0,0
BRDA:139,15,1,0
BRDA:143,16,0,0
BRDA:153,17,0,0
BRDA:153,17,1,0
BRDA:164,18,0,0
BRDA:174,19,0,0
BRDA:185,20,0,0
BRDA:192,21,0,0
BRDA:192,21,1,0
BRDA:194,22,0,0
BRDA:203,23,0,0
BRDA:212,24,0,0
BRDA:212,24,1,0
BRDA:216,25,0,0
BRDA:226,26,0,0
BRDA:226,26,1,0
BRDA:235,27,0,0
BRDA:248,28,0,0
BRDA:248,28,1,0
BRDA:257,29,0,0
BRDA:270,30,0,0
BRDA:270,30,1,0
BRF:43
BRH:6
end_of_record
TN:
SF:server/lib/models.ts
FNF:0
FNH:0
DA:1,0
DA:3,0
DA:13,0
DA:43,0
LF:4
LH:0
BRF:0
BRH:0
end_of_record
TN:
SF:server/lib/tools.ts
FN:10,(anonymous_1)
FN:22,(anonymous_2)
FN:30,(anonymous_3)
FN:37,(anonymous_4)
FN:57,(anonymous_5)
FN:73,(anonymous_6)
FN:94,(anonymous_7)
FN:114,(anonymous_8)
FN:131,(anonymous_9)
FN:148,(anonymous_10)
FNF:10
FNH:4
FNDA:1,(anonymous_1)
FNDA:0,(anonymous_2)
FNDA:0,(anonymous_3)
FNDA:0,(anonymous_4)
FNDA:0,(anonymous_5)
FNDA:13,(anonymous_6)
FNDA:14,(anonymous_7)
FNDA:0,(anonymous_8)
FNDA:6,(anonymous_9)
FNDA:0,(anonymous_10)
DA:1,6
DA:3,6
DA:4,6
DA:6,6
DA:10,6
DA:11,1
DA:12,1
DA:13,1
DA:14,1
DA:16,1
DA:22,6
DA:23,0
DA:24,0
DA:25,0
DA:27,0
DA:30,6
DA:31,0
DA:32,0
DA:33,0
DA:34,0
DA:37,6
DA:38,0
DA:39,0
DA:40,0
DA:43,0
DA:44,0
DA:45,0
DA:49,0
DA:50,0
DA:51,0
DA:54,0
DA:57,6
DA:59,0
DA:60,0
DA:61,0
DA:65,0
DA:66,0
DA:67,0
DA:70,0
DA:73,6
DA:74,13
DA:75,13
DA:76,10
DA:79,3
DA:80,3
DA:81,0
DA:84,3
DA:85,3
DA:86,0
DA:90,3
DA:94,6
DA:95,14
DA:96,14
DA:97,8
DA:100,6
DA:101,6
DA:102,1
DA:105,5
DA:106,5
DA:107,0
DA:111,5
DA:114,6
DA:115,0
DA:116,0
DA:117,0
DA:120,0
DA:121,0
DA:124,0
DA:125,0
DA:128,0
DA:131,6
DA:132,6
DA:133,6
DA:134,6
DA:137,0
DA:138,0
DA:141,0
DA:142,0
DA:145,0
DA:148,6
DA:149,0
DA:151,0
DA:167,0
DA:182,0
DA:198,6
LF:85
LH:40
BRDA:24,0,0,0
BRDA:24,0,1,0
BRDA:33,1,0,0
BRDA:33,1,1,0
BRDA:39,2,0,0
BRDA:44,3,0,0
BRDA:50,4,0,0
BRDA:60,5,0,0
BRDA:66,6,0,0
BRDA:75,7,0,10
BRDA:80,8,0,0
BRDA:85,9,0,0
BRDA:96,10,0,8
BRDA:101,11,0,1
BRDA:106,12,0,0
BRDA:116,13,0,0
BRDA:120,14,0,0
BRDA:124,15,0,0
BRDA:133,16,0,6
BRDA:137,17,0,0
BRDA:141,18,0,0
BRDA:149,19,0,0
BRDA:149,19,1,0
BRDA:149,19,2,0
BRF:24
BRH:4
end_of_record
TN:
SF:server/services/LogService.ts
FN:10,(anonymous_1)
FN:14,(anonymous_2)
FN:24,(anonymous_3)
FN:30,(anonymous_4)
FN:35,(anonymous_5)
FN:43,(anonymous_6)
FN:52,(anonymous_7)
FN:61,(anonymous_8)
FN:69,(anonymous_9)
FN:72,(anonymous_10)
FN:93,(anonymous_11)
FN:112,(anonymous_12)
FNF:12
FNH:11
FNDA:33,(anonymous_1)
FNDA:104,(anonymous_2)
FNDA:31,(anonymous_3)
FNDA:145,(anonymous_4)
FNDA:18,(anonymous_5)
FNDA:0,(anonymous_6)
FNDA:21,(anonymous_7)
FNDA:23,(anonymous_8)
FNDA:22,(anonymous_9)
FNDA:66,(anonymous_10)
FNDA:12,(anonymous_11)
FNDA:8,(anonymous_12)
DA:1,8
DA:2,8
DA:4,8
DA:7,33
DA:11,33
DA:15,104
DA:16,104
DA:19,104
DA:20,104
DA:25,31
DA:26,31
DA:27,31
DA:31,145
DA:32,145
DA:35,18
DA:36,18
DA:39,18
DA:40,17
DA:41,17
DA:43,0
DA:44,0
DA:48,1
DA:56,21
DA:61,21
DA:62,23
DA:66,21
DA:70,22
DA:71,22
DA:72,66
DA:73,22
DA:74,22
DA:75,22
DA:77,22
DA:82,22
DA:83,22
DA:85,22
DA:86,22
DA:87,22
DA:89,0
DA:94,12
DA:95,12
DA:96,12
DA:97,12
DA:98,12
DA:102,12
DA:112,8
DA:113,8
DA:114,8
DA:115,8
DA:116,8
DA:119,8
DA:120,8
DA:121,8
DA:122,8
DA:126,8
DA:135,8
LF:56
LH:53
BRDA:4,0,0,8
BRDA:4,0,1,0
BRDA:15,1,0,104
BRDA:19,2,0,104
BRDA:25,3,0,31
BRDA:25,3,1,0
BRDA:36,4,0,18
BRDA:36,4,1,0
BRDA:39,5,0,17
BRDA:44,6,0,0
BRDA:44,6,1,0
BRDA:62,7,0,23
BRDA:62,7,1,0
BRDA:62,8,0,23
BRDA:62,8,1,2
BRDA:62,8,2,1
BRDA:83,9,0,22
BRDA:83,9,1,0
BRDA:94,10,0,12
BRDA:94,10,1,0
BRDA:96,11,0,0
BRDA:112,12,0,8
BRDA:112,12,1,8
BRF:23
BRH:14
end_of_record
TN:
SF:server/services/DbService/DbService.ts
FN:16,(anonymous_1)
FN:24,(anonymous_2)
FN:30,(anonymous_3)
FN:35,(anonymous_4)
FN:40,(anonymous_5)
FN:55,(anonymous_6)
FN:61,(anonymous_7)
FN:66,(anonymous_8)
FN:67,(anonymous_9)
FN:69,(anonymous_10)
FN:69,(anonymous_11)
FN:83,(anonymous_12)
FN:94,(anonymous_13)
FN:100,(anonymous_14)
FN:106,(anonymous_15)
FN:112,(anonymous_16)
FN:118,(anonymous_17)
FN:119,(anonymous_18)
FN:120,(anonymous_19)
FN:122,(anonymous_20)
FN:138,(anonymous_21)
FN:143,(anonymous_22)
FN:148,(anonymous_23)
FN:154,(anonymous_24)
FN:159,(anonymous_25)
FN:159,(anonymous_26)
FN:166,(anonymous_27)
FN:181,(anonymous_28)
FN:185,(anonymous_29)
FN:190,(anonymous_30)
FN:191,(anonymous_31)
FN:194,(anonymous_32)
FN:196,(anonymous_33)
FN:196,(anonymous_34)
FN:204,(anonymous_35)
FN:213,(anonymous_36)
FN:218,(anonymous_37)
FN:222,(anonymous_38)
FN:225,(anonymous_39)
FN:237,(anonymous_40)
FN:237,(anonymous_41)
FN:244,(anonymous_42)
FN:251,(anonymous_43)
FN:256,(anonymous_44)
FN:257,(anonymous_45)
FN:267,(anonymous_46)
FN:271,(anonymous_47)
FNF:47
FNH:30
FNDA:57,(anonymous_1)
FNDA:103,(anonymous_2)
FNDA:35,(anonymous_3)
FNDA:210,(anonymous_4)
FNDA:111,(anonymous_5)
FNDA:2,(anonymous_6)
FNDA:626,(anonymous_7)
FNDA:527,(anonymous_8)
FNDA:527,(anonymous_9)
FNDA:2,(anonymous_10)
FNDA:525,(anonymous_11)
FNDA:525,(anonymous_12)
FNDA:2,(anonymous_13)
FNDA:4,(anonymous_14)
FNDA:4,(anonymous_15)
FNDA:2,(anonymous_16)
FNDA:235,(anonymous_17)
FNDA:235,(anonymous_18)
FNDA:235,(anonymous_19)
FNDA:235,(anonymous_20)
FNDA:15,(anonymous_21)
FNDA:33,(anonymous_22)
FNDA:33,(anonymous_23)
FNDA:33,(anonymous_24)
FNDA:809,(anonymous_25)
FNDA:809,(anonymous_26)
FNDA:809,(anonymous_27)
FNDA:39,(anonymous_28)
FNDA:0,(anonymous_29)
FNDA:0,(anonymous_30)
FNDA:0,(anonymous_31)
FNDA:0,(anonymous_32)
FNDA:0,(anonymous_33)
FNDA:0,(anonymous_34)
FNDA:0,(anonymous_35)
FNDA:0,(anonymous_36)
FNDA:0,(anonymous_37)
FNDA:0,(anonymous_38)
FNDA:0,(anonymous_39)
FNDA:0,(anonymous_40)
FNDA:0,(anonymous_41)
FNDA:0,(anonymous_42)
FNDA:0,(anonymous_43)
FNDA:636,(anonymous_44)
FNDA:3180,(anonymous_45)
FNDA:0,(anonymous_46)
FNDA:0,(anonymous_47)
DA:1,8
DA:3,8
DA:4,8
DA:5,8
DA:8,8
DA:11,57
DA:19,57
DA:20,57
DA:21,57
DA:25,103
DA:26,103
DA:27,103
DA:30,57
DA:31,35
DA:32,35
DA:35,57
DA:36,210
DA:37,99
DA:39,111
DA:40,111
DA:41,111
DA:42,111
DA:43,109
DA:44,109
DA:52,109
DA:53,109
DA:54,109
DA:56,2
DA:57,2
DA:61,57
DA:62,626
DA:63,99
DA:65,527
DA:66,527
DA:67,527
DA:68,527
DA:69,527
DA:71,527
DA:72,2
DA:73,2
DA:76,525
DA:83,525
DA:84,525
DA:85,0
DA:87,525
DA:92,525
DA:93,525
DA:95,2
DA:96,2
DA:100,57
DA:101,4
DA:102,0
DA:104,4
DA:106,4
DA:107,4
DA:108,4
DA:110,2
DA:111,2
DA:113,2
DA:114,2
DA:118,57
DA:119,235
DA:120,235
DA:121,235
DA:122,235
DA:123,235
DA:124,12
DA:125,223
DA:126,0
DA:128,223
DA:129,223
DA:130,220
DA:132,3
DA:139,15
DA:143,57
DA:148,33
DA:149,33
DA:150,33
DA:151,33
DA:152,33
DA:154,33
DA:155,33
DA:158,33
DA:159,809
DA:160,809
DA:161,809
DA:162,809
DA:163,809
DA:166,33
DA:167,809
DA:168,500
DA:169,308
DA:172,309
DA:173,10
DA:176,491
DA:178,33
DA:179,33
DA:180,33
DA:181,39
DA:182,33
DA:184,0
DA:186,0
DA:190,57
DA:191,0
DA:192,0
DA:194,0
DA:195,0
DA:196,0
DA:197,0
DA:198,0
DA:199,0
DA:200,0
DA:202,0
DA:204,0
DA:206,0
DA:207,0
DA:210,0
DA:214,0
DA:218,57
DA:222,0
DA:223,0
DA:225,0
DA:226,0
DA:229,0
DA:230,0
DA:232,0
DA:233,0
DA:234,0
DA:235,0
DA:237,0
DA:238,0
DA:239,0
DA:240,0
DA:241,0
DA:244,0
DA:245,0
DA:250,0
DA:252,0
DA:257,3180
DA:258,636
DA:259,636
DA:260,636
DA:261,636
DA:262,636
DA:263,636
DA:264,636
DA:267,57
DA:268,0
DA:271,57
DA:272,0
DA:276,8
LF:151
LH:110
BRDA:8,0,0,8
BRDA:8,0,1,0
BRDA:36,1,0,99
BRDA:40,2,0,111
BRDA:40,2,1,2
BRDA:62,3,0,99
BRDA:66,4,0,527
BRDA:66,4,1,2
BRDA:67,5,0,527
BRDA:67,5,1,0
BRDA:71,6,0,2
BRDA:84,7,0,0
BRDA:84,7,1,525
BRDA:101,8,0,0
BRDA:106,9,0,4
BRDA:106,9,1,0
BRDA:119,10,0,235
BRDA:119,10,1,15
BRDA:123,11,0,12
BRDA:123,11,1,223
BRDA:125,12,0,0
BRDA:125,12,1,223
BRDA:148,13,0,33
BRDA:148,13,1,0
BRDA:149,14,0,33
BRDA:149,14,1,28
BRDA:150,15,0,33
BRDA:150,15,1,0
BRDA:151,16,0,33
BRDA:151,16,1,0
BRDA:158,17,0,33
BRDA:160,18,0,809
BRDA:167,19,0,500
BRDA:167,19,1,309
BRDA:168,20,0,308
BRDA:168,21,0,500
BRDA:168,21,1,500
BRDA:172,22,0,10
BRDA:172,23,0,309
BRDA:172,23,1,309
BRDA:191,24,0,0
BRDA:191,24,1,0
BRDA:197,25,0,0
BRDA:197,25,1,0
BRDA:206,26,0,0
BRDA:222,27,0,0
BRDA:222,27,1,0
BRDA:229,28,0,0
BRDA:238,29,0,0
BRF:49
BRH:31
end_of_record
TN:
SF:server/services/DbService/DbStores.ts
FN:1,(anonymous_0)
FNF:1
FNH:1
FNDA:6,(anonymous_0)
DA:1,6
DA:2,6
DA:3,6
DA:4,6
DA:5,6
DA:8,6
LF:6
LH:6
BRDA:1,0,0,6
BRDA:1,0,1,6
BRF:2
BRH:2
end_of_record
TN:
SF:server/services/DbService/instances/AdminsDb.ts
FN:8,(anonymous_1)
FN:9,(anonymous_2)
FN:26,(anonymous_3)
FN:27,(anonymous_4)
FNF:4
FNH:0
FNDA:0,(anonymous_1)
FNDA:0,(anonymous_2)
FNDA:0,(anonymous_3)
FNDA:0,(anonymous_4)
DA:1,6
DA:2,6
DA:4,6
DA:9,0
DA:10,0
DA:11,0
DA:12,0
DA:21,0
DA:27,0
DA:28,0
DA:29,0
DA:30,0
DA:31,0
DA:32,0
DA:33,0
DA:35,0
DA:37,0
DA:40,0
DA:41,0
DA:48,6
DA:49,6
DA:51,6
LF:22
LH:6
BRDA:11,0,0,0
BRDA:29,1,0,0
BRDA:32,2,0,0
BRDA:32,2,1,0
BRDA:40,3,0,0
BRF:5
BRH:0
end_of_record
TN:
SF:server/services/DbService/instances/AppConfigDb.ts
FNF:0
FNH:0
DA:1,6
DA:2,6
DA:6,6
DA:7,6
DA:9,6
LF:5
LH:5
BRF:0
BRH:0
end_of_record
TN:
SF:server/services/DbService/instances/ManagersDb.ts
FN:8,(anonymous_1)
FN:9,(anonymous_2)
FN:26,(anonymous_3)
FN:27,(anonymous_4)
FNF:4
FNH:0
FNDA:0,(anonymous_1)
FNDA:0,(anonymous_2)
FNDA:0,(anonymous_3)
FNDA:0,(anonymous_4)
DA:2,6
DA:3,6
DA:4,6
DA:7,6
DA:9,0
DA:10,0
DA:11,0
DA:12,0
DA:21,0
DA:27,0
DA:28,0
DA:29,0
DA:30,0
DA:31,0
DA:32,0
DA:33,0
DA:35,0
DA:37,0
DA:40,0
DA:41,0
DA:48,6
DA:50,6
LF:22
LH:6
BRDA:11,0,0,0
BRDA:29,1,0,0
BRDA:32,2,0,0
BRDA:32,2,1,0
BRDA:40,3,0,0
BRF:5
BRH:0
end_of_record
TN:
SF:server/services/DbService/instances/UsersDb.ts
FN:8,(anonymous_10)
FN:9,(anonymous_11)
FN:29,(anonymous_12)
FN:30,(anonymous_13)
FN:55,(anonymous_14)
FN:56,(anonymous_15)
FN:74,(anonymous_16)
FN:75,(anonymous_17)
FNF:8
FNH:0
FNDA:0,(anonymous_10)
FNDA:0,(anonymous_11)
FNDA:0,(anonymous_12)
FNDA:0,(anonymous_13)
FNDA:0,(anonymous_14)
FNDA:0,(anonymous_15)
FNDA:0,(anonymous_16)
FNDA:0,(anonymous_17)
DA:2,6
DA:3,6
DA:4,6
DA:5,6
DA:9,0
DA:10,0
DA:11,0
DA:12,0
DA:24,0
DA:30,0
DA:31,0
DA:32,0
DA:33,0
DA:34,0
DA:35,0
DA:36,0
DA:44,0
DA:45,0
DA:46,0
DA:49,0
DA:56,0
DA:57,0
DA:58,0
DA:59,0
DA:60,0
DA:61,0
DA:62,0
DA:68,0
DA:75,0
DA:76,0
DA:77,0
DA:78,0
DA:79,0
DA:80,0
DA:81,0
DA:83,0
DA:85,0
DA:92,0
DA:93,0
DA:100,6
DA:102,6
LF:41
LH:6
BRDA:11,0,0,0
BRDA:31,1,0,0
BRDA:31,2,0,0
BRDA:31,2,1,0
BRDA:33,3,0,0
BRDA:35,4,0,0
BRDA:45,5,0,0
BRDA:58,6,0,0
BRDA:61,7,0,0
BRDA:61,8,0,0
BRDA:61,8,1,0
BRDA:77,9,0,0
BRDA:78,10,0,0
BRDA:78,10,1,0
BRDA:80,11,0,0
BRDA:80,11,1,0
BRDA:92,12,0,0
BRF:17
BRH:0
end_of_record
TN:
SF:server/services/DbService/instances/UsersDb.types.ts
FN:1,(anonymous_0)
FNF:1
FNH:1
FNDA:6,(anonymous_0)
DA:1,6
DA:2,6
DA:3,6
DA:4,6
DA:66,6
LF:5
LH:5
BRDA:1,0,0,6
BRDA:1,0,1,6
BRF:2
BRH:2
end_of_record
TN:
SF:server/services/EmailService/EmailService.ts
FN:11,(anonymous_1)
FN:43,(anonymous_2)
FN:44,(anonymous_3)
FN:89,(anonymous_4)
FN:94,(anonymous_5)
FN:95,(anonymous_6)
FN:138,(anonymous_7)
FN:143,(anonymous_8)
FN:144,(anonymous_9)
FN:157,(anonymous_10)
FNF:10
FNH:1
FNDA:3,(anonymous_1)
FNDA:0,(anonymous_2)
FNDA:0,(anonymous_3)
FNDA:0,(anonymous_4)
FNDA:0,(anonymous_5)
FNDA:0,(anonymous_6)
FNDA:0,(anonymous_7)
FNDA:0,(anonymous_8)
FNDA:0,(anonymous_9)
FNDA:0,(anonymous_10)
DA:1,3
DA:3,3
DA:4,3
DA:34,3
DA:44,0
DA:45,0
DA:46,0
DA:47,0
DA:48,0
DA:50,0
DA:52,0
DA:53,0
DA:54,0
DA:81,0
DA:88,0
DA:90,0
DA:95,0
DA:96,0
DA:97,0
DA:98,0
DA:99,0
DA:101,0
DA:103,0
DA:104,0
DA:105,0
DA:130,0
DA:137,0
DA:139,0
DA:144,0
DA:145,0
DA:156,0
DA:158,0
DA:163,3
LF:33
LH:5
BRDA:44,0,0,0
BRDA:44,0,1,0
BRDA:47,1,0,0
BRDA:47,1,1,0
BRDA:50,2,0,0
BRDA:50,2,1,0
BRDA:95,3,0,0
BRDA:95,3,1,0
BRDA:98,4,0,0
BRDA:98,4,1,0
BRDA:101,5,0,0
BRDA:101,5,1,0
BRDA:144,6,0,0
BRDA:144,6,1,0
BRF:14
BRH:0
end_of_record
